#
# A fatal error has been detected by the Java Runtime Environment:
#
#  SIGSEGV (0xb) at pc=0x00007f37309bc009, pid=22449, tid=22450
#
# JRE version: OpenJDK Runtime Environment (9.0) (build 9-internal+0-2016-04-14-195246.buildd.src)
# Java VM: OpenJDK 64-Bit Server VM (9-internal+0-2016-04-14-195246.buildd.src, mixed mode, tiered, compressed oops, g1 gc, linux-amd64)
# Problematic frame:
# C  [libjava.so+0x1d009]  JNU_GetEnv+0x19
#
# Core dump will be written. Default location: Core dumps may be processed with "/usr/share/apport/apport %p %s %c %P" (or dumping to /home/sayan/Dropbox/courses/cs61b/bwp/proj0/core.22449)
#
# If you would like to submit a bug report, please visit:
#   http://bugreport.java.com/bugreport/crash.jsp
# The crash happened outside the Java Virtual Machine in native code.
# See problematic frame for where to report the bug.
#

---------------  S U M M A R Y ------------

Command Line: NBody 157788000.0 25000.0 data/planets.txt

Host: Intel(R) Core(TM) i7-5500U CPU @ 2.40GHz, 4 cores, 11G, Ubuntu 16.04.1 LTS
Time: Fri Jan 27 23:18:56 2017 PST elapsed time: 5 seconds (0d 0h 0m 5s)

---------------  T H R E A D  ---------------

Current thread (0x00007f372c011000):  JavaThread "main" [_thread_in_native, id=22450, stack(0x00007f373371b000,0x00007f373381c000)]

Stack: [0x00007f373371b000,0x00007f373381c000],  sp=0x00007f3733818470,  free space=1013k
Native frames: (J=compiled Java code, j=interpreted, Vv=VM code, C=native code)
C  [libjava.so+0x1d009]  JNU_GetEnv+0x19
C  [libfontmanager.so+0x33f8e]
C  [libfreetype.so.6+0x14d1b]  FT_Stream_Seek+0x1b

Java frames: (J=compiled Java code, j=interpreted, Vv=VM code)
j  sun.font.FreetypeFontScaler.initNativeScaler(Lsun/font/Font2D;IIZI)J+0 java.desktop@9-internal
j  sun.font.FreetypeFontScaler.<init>(Lsun/font/Font2D;IZI)V+26 java.desktop@9-internal
v  ~StubRoutines::call_stub
j  sun.reflect.NativeConstructorAccessorImpl.newInstance0(Ljava/lang/reflect/Constructor;[Ljava/lang/Object;)Ljava/lang/Object;+0 java.base@9-internal
j  sun.reflect.NativeConstructorAccessorImpl.newInstance([Ljava/lang/Object;)Ljava/lang/Object;+85 java.base@9-internal
j  sun.reflect.DelegatingConstructorAccessorImpl.newInstance([Ljava/lang/Object;)Ljava/lang/Object;+5 java.base@9-internal
j  java.lang.reflect.Constructor.newInstance([Ljava/lang/Object;)Ljava/lang/Object;+65 java.base@9-internal
j  sun.font.FontScaler.getScaler(Lsun/font/Font2D;IZI)Lsun/font/FontScaler;+39 java.desktop@9-internal
j  sun.font.TrueTypeFont.getScaler()Lsun/font/FontScaler;+21 java.desktop@9-internal
j  sun.font.FileFontStrike.<init>(Lsun/font/FileFont;Lsun/font/FontStrikeDesc;)V+204 java.desktop@9-internal
j  sun.font.FileFont.createStrike(Lsun/font/FontStrikeDesc;)Lsun/font/FontStrike;+18 java.desktop@9-internal
j  sun.font.Font2D.getStrike(Lsun/font/FontStrikeDesc;Z)Lsun/font/FontStrike;+92 java.desktop@9-internal
j  sun.font.Font2D.getStrike(Lsun/font/FontStrikeDesc;)Lsun/font/FontStrike;+3 java.desktop@9-internal
j  sun.font.CompositeStrike.getStrikeForSlot(I)Lsun/font/PhysicalStrike;+23 java.desktop@9-internal
j  sun.font.CompositeStrike.getFontMetrics()Lsun/font/StrikeMetrics;+31 java.desktop@9-internal
j  sun.font.FontDesignMetrics.initMatrixAndMetrics()V+28 java.desktop@9-internal
j  sun.font.FontDesignMetrics.<init>(Ljava/awt/Font;Ljava/awt/font/FontRenderContext;)V+62 java.desktop@9-internal
j  sun.font.FontDesignMetrics.getMetrics(Ljava/awt/Font;Ljava/awt/font/FontRenderContext;)Lsun/font/FontDesignMetrics;+128 java.desktop@9-internal
j  sun.swing.SwingUtilities2.getFontMetrics(Ljavax/swing/JComponent;Ljava/awt/Font;)Ljava/awt/FontMetrics;+15 java.desktop@9-internal
j  javax.swing.JComponent.getFontMetrics(Ljava/awt/Font;)Ljava/awt/FontMetrics;+2 java.desktop@9-internal
j  sun.swing.MenuItemLayoutHelper.reset(Ljavax/swing/JMenuItem;Ljavax/swing/Icon;Ljavax/swing/Icon;Ljava/awt/Rectangle;ILjava/lang/String;ZLjava/awt/Font;Ljava/awt/Font;ZLjava/lang/String;)V+77 java.desktop@9-internal
j  sun.swing.MenuItemLayoutHelper.<init>(Ljavax/swing/JMenuItem;Ljavax/swing/Icon;Ljavax/swing/Icon;Ljava/awt/Rectangle;ILjava/lang/String;ZLjava/awt/Font;Ljava/awt/Font;ZLjava/lang/String;)V+24 java.desktop@9-internal
j  javax.swing.plaf.basic.BasicMenuItemUI.getPreferredMenuItemSize(Ljavax/swing/JComponent;Ljavax/swing/Icon;Ljavax/swing/Icon;I)Ljava/awt/Dimension;+48 java.desktop@9-internal
j  javax.swing.plaf.basic.BasicMenuItemUI.getPreferredSize(Ljavax/swing/JComponent;)Ljava/awt/Dimension;+14 java.desktop@9-internal
j  javax.swing.JComponent.getPreferredSize()Ljava/awt/Dimension;+26 java.desktop@9-internal
j  javax.swing.BoxLayout.checkRequests()V+111 java.desktop@9-internal
j  javax.swing.BoxLayout.preferredLayoutSize(Ljava/awt/Container;)Ljava/awt/Dimension;+10 java.desktop@9-internal
j  javax.swing.plaf.basic.DefaultMenuLayout.preferredLayoutSize(Ljava/awt/Container;)Ljava/awt/Dimension;+40 java.desktop@9-internal
j  java.awt.Container.preferredSize()Ljava/awt/Dimension;+43 java.desktop@9-internal
j  java.awt.Container.getPreferredSize()Ljava/awt/Dimension;+1 java.desktop@9-internal
j  javax.swing.JComponent.getPreferredSize()Ljava/awt/Dimension;+39 java.desktop@9-internal
j  javax.swing.JRootPane$RootLayout.preferredLayoutSize(Ljava/awt/Container;)Ljava/awt/Dimension;+68 java.desktop@9-internal
j  java.awt.Container.preferredSize()Ljava/awt/Dimension;+43 java.desktop@9-internal
j  java.awt.Container.getPreferredSize()Ljava/awt/Dimension;+1 java.desktop@9-internal
j  javax.swing.JComponent.getPreferredSize()Ljava/awt/Dimension;+39 java.desktop@9-internal
j  java.awt.BorderLayout.preferredLayoutSize(Ljava/awt/Container;)Ljava/awt/Dimension;+157 java.desktop@9-internal
j  java.awt.Container.preferredSize()Ljava/awt/Dimension;+43 java.desktop@9-internal
j  java.awt.Container.getPreferredSize()Ljava/awt/Dimension;+1 java.desktop@9-internal
j  java.awt.Window.pack()V+32 java.desktop@9-internal
j  StdDraw.init()V+232
j  StdDraw.<clinit>()V+236
v  ~StubRoutines::call_stub
j  NBody.main([Ljava/lang/String;)V+38
v  ~StubRoutines::call_stub

siginfo: si_signo: 11 (SIGSEGV), si_code: 1 (SEGV_MAPERR), si_addr: 0x0000000000000000

Register to memory mapping:

RAX=0x0000000000000000 is an unknown value
RBX=0x0000000000000000 is an unknown value
RCX=0x0000000000000000 is an unknown value
RDX=0x0000000000010002 is an unknown value
RSP=0x00007f3733818470 is pointing into the stack for thread: 0x00007f372c011000
RBP=0x00007f3733818480 is pointing into the stack for thread: 0x00007f372c011000
RSI=0x0000000000010002 is an unknown value
RDI=0x0000000000000000 is an unknown value
R8 =0x0000000000000000 is an unknown value
R9 =0x0000000000000000 is an unknown value
R10=0x00000000000001db is an unknown value
R11=0x00007f37309bbff0: JNU_GetEnv+0x0000000000000000 in /usr/lib/jvm/java-9-openjdk-amd64/lib/amd64/libjava.so at 0x00007f373099f000
R12=0x00007f372c2f1f00 is an unknown value
R13=0x0000000000000000 is an unknown value
R14=0x0000000000000000 is an unknown value
R15=0x00007f372c27d8f0 is an unknown value


Registers:
RAX=0x0000000000000000, RBX=0x0000000000000000, RCX=0x0000000000000000, RDX=0x0000000000010002
RSP=0x00007f3733818470, RBP=0x00007f3733818480, RSI=0x0000000000010002, RDI=0x0000000000000000
R8 =0x0000000000000000, R9 =0x0000000000000000, R10=0x00000000000001db, R11=0x00007f37309bbff0
R12=0x00007f372c2f1f00, R13=0x0000000000000000, R14=0x0000000000000000, R15=0x00007f372c27d8f0
RIP=0x00007f37309bc009, EFLAGS=0x0000000000010246, CSGSFS=0x0000000000000033, ERR=0x0000000000000004
  TRAPNO=0x000000000000000e

Top of Stack: (sp=0x00007f3733818470)
0x00007f3733818470:   0000000000000000 30e8e4cc2212cb00
0x00007f3733818480:   00007f37338184c0 00007f36af327f8e
0x00007f3733818490:   00007f372c27cec0 00007f372c2f1f00
0x00007f37338184a0:   0000000000000000 0000000000000000
0x00007f37338184b0:   00007f372c2f1f00 00007f372c27d8f0
0x00007f37338184c0:   0000000000000000 00007f36af05ed1b
0x00007f37338184d0:   0000000000000000 00007f36af2f0d80
0x00007f37338184e0:   0000000000000000 00007f36af0728d0
0x00007f37338184f0:   0000000000000002 0000003200000008
0x00007f3733818500:   0000000000000000 0000000000000000
0x00007f3733818510:   0000006e0000005b 0000000000000000
0x00007f3733818520:   0000000000000000 0000007c00000077
0x00007f3733818530:   0000000000000000 0000000000000000
0x00007f3733818540:   000000004e8b41d0 468b41e04e8b45e8
0x00007f3733818550:   0000000000000000 00007f372c000020
0x00007f3733818560:   0000000000000070 00007f3733818614
0x00007f3733818570:   00007f372c27cec0 00007f372c27d8f0
0x00007f3733818580:   00007f3733818614 00007f37330c95d4
0x00007f3733818590:   00007f37338186e0 00007f37338185c4
0x00007f37338185a0:   00007f36af2ed9e0 30e8e4cc2212cb00
0x00007f37338185b0:   0000000000000070 00007f372c2f2010
0x00007f37338185c0:   00007f36af2ed9e0 00007f37338186d8
0x00007f37338185d0:   00007f372c27cec0 00007f372c27d8f0
0x00007f37338185e0:   00007f372c2f2040 00007f36af0614b2
0x00007f37338185f0:   0000000100000000 00007f37338186e0
0x00007f3733818600:   0000000000000000 0000000000000000
0x00007f3733818610:   00000000338186d8 30e8e4cc2212cb00
0x00007f3733818620:   00007f372c2f2010 00007f37338186e0
0x00007f3733818630:   0000000000000000 00007f372c27cde8
0x00007f3733818640:   00007f37338188e0 00007f372c27cd48
0x00007f3733818650:   00007f372c27cec0 00007f36af063571
0x00007f3733818660:   00007f37338186e0 00007f36af063366 

Instructions: (pc=0x00007f37309bc009)
0x00007f37309bbfe9:   ff eb ea 0f 1f 40 00 55 89 f2 48 89 e5 48 83 ec
0x00007f37309bbff9:   10 64 48 8b 04 25 28 00 00 00 48 89 45 f8 31 c0
0x00007f37309bc009:   48 8b 07 48 8d 75 f0 ff 50 30 48 8b 4d f8 64 48
0x00007f37309bc019:   33 0c 25 28 00 00 00 48 8b 45 f0 75 02 c9 c3 e8 


---------------  P R O C E S S  ---------------

Java Threads: ( => current thread )
  0x00007f3694001000 JavaThread "SeedGenerator Thread" daemon [_thread_blocked, id=22498, stack(0x00007f36adbec000,0x00007f36adced000)]
  0x00007f372c830800 JavaThread "SeedGenerator Thread" daemon [_thread_in_Java, id=22477, stack(0x00007f36adced000,0x00007f36addee000)]
  0x00007f372c409800 JavaThread "AWT-Shutdown" [_thread_blocked, id=22476, stack(0x00007f36ae613000,0x00007f36ae714000)]
  0x00007f372c3a2000 JavaThread "AWT-XAWT" daemon [_thread_in_native, id=22475, stack(0x00007f36ae914000,0x00007f36aea15000)]
  0x00007f372c37b800 JavaThread "Java2D Disposer" daemon [_thread_blocked, id=22474, stack(0x00007f36e0072000,0x00007f36e0173000)]
  0x00007f372c28f000 JavaThread "Service Thread" daemon [_thread_blocked, id=22472, stack(0x00007f36e0ef6000,0x00007f36e0ff7000)]
  0x00007f372c1e9800 JavaThread "Common-Cleaner" daemon [_thread_blocked, id=22471, stack(0x00007f36e0ff7000,0x00007f36e10f8000)]
  0x00007f372c1c2000 JavaThread "Sweeper thread" daemon [_thread_blocked, id=22470, stack(0x00007f36e1823000,0x00007f36e1924000)]
  0x00007f372c1c0000 JavaThread "C1 CompilerThread2" daemon [_thread_blocked, id=22469, stack(0x00007f36e1924000,0x00007f36e1a25000)]
  0x00007f372c1be000 JavaThread "C2 CompilerThread1" daemon [_thread_blocked, id=22468, stack(0x00007f36e1a25000,0x00007f36e1b26000)]
  0x00007f372c1bc800 JavaThread "C2 CompilerThread0" daemon [_thread_blocked, id=22467, stack(0x00007f36e1b26000,0x00007f36e1c27000)]
  0x00007f372c1b8000 JavaThread "Signal Dispatcher" daemon [_thread_blocked, id=22466, stack(0x00007f36e1c27000,0x00007f36e1d28000)]
  0x00007f372c1b6000 JavaThread "Surrogate Locker Thread (Concurrent GC)" daemon [_thread_blocked, id=22465, stack(0x00007f36e801c000,0x00007f36e811d000)]
  0x00007f372c1a4800 JavaThread "Finalizer" daemon [_thread_blocked, id=22464, stack(0x00007f36e811d000,0x00007f36e821e000)]
  0x00007f372c1a0800 JavaThread "Reference Handler" daemon [_thread_blocked, id=22463, stack(0x00007f36e821e000,0x00007f36e831f000)]
=>0x00007f372c011000 JavaThread "main" [_thread_in_native, id=22450, stack(0x00007f373371b000,0x00007f373381c000)]

Other Threads:
  0x00007f372c196800 VMThread [stack: 0x00007f36e831f000,0x00007f36e8420000] [id=22462]
  0x00007f372c292000 WatcherThread [stack: 0x00007f36e0df5000,0x00007f36e0ef6000] [id=22473]

Threads with active compile tasks:

VM state:not at safepoint (normal execution)

VM Mutex/Monitor currently owned by a thread: None

heap address: 0x0000000705c00000, size: 2980 MB, Compressed Oops mode: Zero based, Oop shift amount: 3
Narrow klass base: 0x0000000000000000, Narrow klass shift: 3
Compressed class space size: 1073741824 Address: 0x00000007c0000000

Heap:
 garbage-first heap   total 192512K, used 11264K [0x0000000705c00000, 0x0000000705d005e0, 0x00000007c0000000)
  region size 1024K, 8 young (8192K), 0 survivors (0K)
 Metaspace       used 12465K, capacity 12858K, committed 13184K, reserved 1060864K
  class space    used 1412K, capacity 1543K, committed 1664K, reserved 1048576K

Heap Regions: E=young(eden), S=young(survivor), O=old, HS=humongous(starts), HC=humongous(continues), CS=collection set, F=free, A=archive, TS=gc time stamp, AC=allocation context, TAMS=top-at-mark-start (previous, next)
|   0|0x0000000705c00000, 0x0000000705d00000, 0x0000000705d00000|100%|HS|  |TS  0|AC  0|TAMS 0x0000000705c00000, 0x0000000705c00000|
|   1|0x0000000705d00000, 0x0000000705e00000, 0x0000000705e00000|100%|HC|  |TS  0|AC  0|TAMS 0x0000000705d00000, 0x0000000705d00000|
|   2|0x0000000705e00000, 0x0000000705f00000, 0x0000000705f00000|100%|HS|  |TS  0|AC  0|TAMS 0x0000000705e00000, 0x0000000705e00000|
|   3|0x0000000705f00000, 0x0000000706000000, 0x0000000706000000|100%|HC|  |TS  0|AC  0|TAMS 0x0000000705f00000, 0x0000000705f00000|
|   4|0x0000000706000000, 0x0000000706000000, 0x0000000706100000|  0%| F|  |TS  0|AC  0|TAMS 0x0000000706000000, 0x0000000706000000|
|   5|0x0000000706100000, 0x0000000706100000, 0x0000000706200000|  0%| F|  |TS  0|AC  0|TAMS 0x0000000706100000, 0x0000000706100000|
|   6|0x0000000706200000, 0x0000000706200000, 0x0000000706300000|  0%| F|  |TS  0|AC  0|TAMS 0x0000000706200000, 0x0000000706200000|
|   7|0x0000000706300000, 0x0000000706300000, 0x0000000706400000|  0%| F|  |TS  0|AC  0|TAMS 0x0000000706300000, 0x0000000706300000|
|   8|0x0000000706400000, 0x0000000706400000, 0x0000000706500000|  0%| F|  |TS  0|AC  0|TAMS 0x0000000706400000, 0x0000000706400000|
|   9|0x0000000706500000, 0x0000000706500000, 0x0000000706600000|  0%| F|  |TS  0|AC  0|TAMS 0x0000000706500000, 0x0000000706500000|
|  10|0x0000000706600000, 0x0000000706600000, 0x0000000706700000|  0%| F|  |TS  0|AC  0|TAMS 0x0000000706600000, 0x0000000706600000|
|  11|0x0000000706700000, 0x0000000706700000, 0x0000000706800000|  0%| F|  |TS  0|AC  0|TAMS 0x0000000706700000, 0x0000000706700000|
|  12|0x0000000706800000, 0x0000000706800000, 0x0000000706900000|  0%| F|  |TS  0|AC  0|TAMS 0x0000000706800000, 0x0000000706800000|
|  13|0x0000000706900000, 0x0000000706900000, 0x0000000706a00000|  0%| F|  |TS  0|AC  0|TAMS 0x0000000706900000, 0x0000000706900000|
|  14|0x0000000706a00000, 0x0000000706a00000, 0x0000000706b00000|  0%| F|  |TS  0|AC  0|TAMS 0x0000000706a00000, 0x0000000706a00000|
|  15|0x0000000706b00000, 0x0000000706b00000, 0x0000000706c00000|  0%| F|  |TS  0|AC  0|TAMS 0x0000000706b00000, 0x0000000706b00000|
|  16|0x0000000706c00000, 0x0000000706c00000, 0x0000000706d00000|  0%| F|  |TS  0|AC  0|TAMS 0x0000000706c00000, 0x0000000706c00000|
|  17|0x0000000706d00000, 0x0000000706d00000, 0x0000000706e00000|  0%| F|  |TS  0|AC  0|TAMS 0x0000000706d00000, 0x0000000706d00000|
|  18|0x0000000706e00000, 0x0000000706e00000, 0x0000000706f00000|  0%| F|  |TS  0|AC  0|TAMS 0x0000000706e00000, 0x0000000706e00000|
|  19|0x0000000706f00000, 0x0000000706f00000, 0x0000000707000000|  0%| F|  |TS  0|AC  0|TAMS 0x0000000706f00000, 0x0000000706f00000|
|  20|0x0000000707000000, 0x0000000707000000, 0x0000000707100000|  0%| F|  |TS  0|AC  0|TAMS 0x0000000707000000, 0x0000000707000000|
|  21|0x0000000707100000, 0x0000000707100000, 0x0000000707200000|  0%| F|  |TS  0|AC  0|TAMS 0x0000000707100000, 0x0000000707100000|
|  22|0x0000000707200000, 0x0000000707200000, 0x0000000707300000|  0%| F|  |TS  0|AC  0|TAMS 0x0000000707200000, 0x0000000707200000|
|  23|0x0000000707300000, 0x0000000707300000, 0x0000000707400000|  0%| F|  |TS  0|AC  0|TAMS 0x0000000707300000, 0x0000000707300000|
|  24|0x0000000707400000, 0x0000000707400000, 0x0000000707500000|  0%| F|  |TS  0|AC  0|TAMS 0x0000000707400000, 0x0000000707400000|
|  25|0x0000000707500000, 0x0000000707500000, 0x0000000707600000|  0%| F|  |TS  0|AC  0|TAMS 0x0000000707500000, 0x0000000707500000|
|  26|0x0000000707600000, 0x0000000707600000, 0x0000000707700000|  0%| F|  |TS  0|AC  0|TAMS 0x0000000707600000, 0x0000000707600000|
|  27|0x0000000707700000, 0x0000000707700000, 0x0000000707800000|  0%| F|  |TS  0|AC  0|TAMS 0x0000000707700000, 0x0000000707700000|
|  28|0x0000000707800000, 0x0000000707800000, 0x0000000707900000|  0%| F|  |TS  0|AC  0|TAMS 0x0000000707800000, 0x0000000707800000|
|  29|0x0000000707900000, 0x0000000707900000, 0x0000000707a00000|  0%| F|  |TS  0|AC  0|TAMS 0x0000000707900000, 0x0000000707900000|
|  30|0x0000000707a00000, 0x0000000707a00000, 0x0000000707b00000|  0%| F|  |TS  0|AC  0|TAMS 0x0000000707a00000, 0x0000000707a00000|
|  31|0x0000000707b00000, 0x0000000707b00000, 0x0000000707c00000|  0%| F|  |TS  0|AC  0|TAMS 0x0000000707b00000, 0x0000000707b00000|
|  32|0x0000000707c00000, 0x0000000707c00000, 0x0000000707d00000|  0%| F|  |TS  0|AC  0|TAMS 0x0000000707c00000, 0x0000000707c00000|
|  33|0x0000000707d00000, 0x0000000707d00000, 0x0000000707e00000|  0%| F|  |TS  0|AC  0|TAMS 0x0000000707d00000, 0x0000000707d00000|
|  34|0x0000000707e00000, 0x0000000707e00000, 0x0000000707f00000|  0%| F|  |TS  0|AC  0|TAMS 0x0000000707e00000, 0x0000000707e00000|
|  35|0x0000000707f00000, 0x0000000707f00000, 0x0000000708000000|  0%| F|  |TS  0|AC  0|TAMS 0x0000000707f00000, 0x0000000707f00000|
|  36|0x0000000708000000, 0x0000000708000000, 0x0000000708100000|  0%| F|  |TS  0|AC  0|TAMS 0x0000000708000000, 0x0000000708000000|
|  37|0x0000000708100000, 0x0000000708100000, 0x0000000708200000|  0%| F|  |TS  0|AC  0|TAMS 0x0000000708100000, 0x0000000708100000|
|  38|0x0000000708200000, 0x0000000708200000, 0x0000000708300000|  0%| F|  |TS  0|AC  0|TAMS 0x0000000708200000, 0x0000000708200000|
|  39|0x0000000708300000, 0x0000000708300000, 0x0000000708400000|  0%| F|  |TS  0|AC  0|TAMS 0x0000000708300000, 0x0000000708300000|
|  40|0x0000000708400000, 0x0000000708400000, 0x0000000708500000|  0%| F|  |TS  0|AC  0|TAMS 0x0000000708400000, 0x0000000708400000|
|  41|0x0000000708500000, 0x0000000708500000, 0x0000000708600000|  0%| F|  |TS  0|AC  0|TAMS 0x0000000708500000, 0x0000000708500000|
|  42|0x0000000708600000, 0x0000000708600000, 0x0000000708700000|  0%| F|  |TS  0|AC  0|TAMS 0x0000000708600000, 0x0000000708600000|
|  43|0x0000000708700000, 0x0000000708700000, 0x0000000708800000|  0%| F|  |TS  0|AC  0|TAMS 0x0000000708700000, 0x0000000708700000|
|  44|0x0000000708800000, 0x0000000708800000, 0x0000000708900000|  0%| F|  |TS  0|AC  0|TAMS 0x0000000708800000, 0x0000000708800000|
|  45|0x0000000708900000, 0x0000000708900000, 0x0000000708a00000|  0%| F|  |TS  0|AC  0|TAMS 0x0000000708900000, 0x0000000708900000|
|  46|0x0000000708a00000, 0x0000000708a00000, 0x0000000708b00000|  0%| F|  |TS  0|AC  0|TAMS 0x0000000708a00000, 0x0000000708a00000|
|  47|0x0000000708b00000, 0x0000000708b00000, 0x0000000708c00000|  0%| F|  |TS  0|AC  0|TAMS 0x0000000708b00000, 0x0000000708b00000|
|  48|0x0000000708c00000, 0x0000000708c00000, 0x0000000708d00000|  0%| F|  |TS  0|AC  0|TAMS 0x0000000708c00000, 0x0000000708c00000|
|  49|0x0000000708d00000, 0x0000000708d00000, 0x0000000708e00000|  0%| F|  |TS  0|AC  0|TAMS 0x0000000708d00000, 0x0000000708d00000|
|  50|0x0000000708e00000, 0x0000000708e00000, 0x0000000708f00000|  0%| F|  |TS  0|AC  0|TAMS 0x0000000708e00000, 0x0000000708e00000|
|  51|0x0000000708f00000, 0x0000000708f00000, 0x0000000709000000|  0%| F|  |TS  0|AC  0|TAMS 0x0000000708f00000, 0x0000000708f00000|
|  52|0x0000000709000000, 0x0000000709000000, 0x0000000709100000|  0%| F|  |TS  0|AC  0|TAMS 0x0000000709000000, 0x0000000709000000|
|  53|0x0000000709100000, 0x0000000709100000, 0x0000000709200000|  0%| F|  |TS  0|AC  0|TAMS 0x0000000709100000, 0x0000000709100000|
|  54|0x0000000709200000, 0x0000000709200000, 0x0000000709300000|  0%| F|  |TS  0|AC  0|TAMS 0x0000000709200000, 0x0000000709200000|
|  55|0x0000000709300000, 0x0000000709300000, 0x0000000709400000|  0%| F|  |TS  0|AC  0|TAMS 0x0000000709300000, 0x0000000709300000|
|  56|0x0000000709400000, 0x0000000709400000, 0x0000000709500000|  0%| F|  |TS  0|AC  0|TAMS 0x0000000709400000, 0x0000000709400000|
|  57|0x0000000709500000, 0x0000000709500000, 0x0000000709600000|  0%| F|  |TS  0|AC  0|TAMS 0x0000000709500000, 0x0000000709500000|
|  58|0x0000000709600000, 0x0000000709600000, 0x0000000709700000|  0%| F|  |TS  0|AC  0|TAMS 0x0000000709600000, 0x0000000709600000|
|  59|0x0000000709700000, 0x0000000709700000, 0x0000000709800000|  0%| F|  |TS  0|AC  0|TAMS 0x0000000709700000, 0x0000000709700000|
|  60|0x0000000709800000, 0x0000000709800000, 0x0000000709900000|  0%| F|  |TS  0|AC  0|TAMS 0x0000000709800000, 0x0000000709800000|
|  61|0x0000000709900000, 0x0000000709900000, 0x0000000709a00000|  0%| F|  |TS  0|AC  0|TAMS 0x0000000709900000, 0x0000000709900000|
|  62|0x0000000709a00000, 0x0000000709a00000, 0x0000000709b00000|  0%| F|  |TS  0|AC  0|TAMS 0x0000000709a00000, 0x0000000709a00000|
|  63|0x0000000709b00000, 0x0000000709b00000, 0x0000000709c00000|  0%| F|  |TS  0|AC  0|TAMS 0x0000000709b00000, 0x0000000709b00000|
|  64|0x0000000709c00000, 0x0000000709c00000, 0x0000000709d00000|  0%| F|  |TS  0|AC  0|TAMS 0x0000000709c00000, 0x0000000709c00000|
|  65|0x0000000709d00000, 0x0000000709d00000, 0x0000000709e00000|  0%| F|  |TS  0|AC  0|TAMS 0x0000000709d00000, 0x0000000709d00000|
|  66|0x0000000709e00000, 0x0000000709e00000, 0x0000000709f00000|  0%| F|  |TS  0|AC  0|TAMS 0x0000000709e00000, 0x0000000709e00000|
|  67|0x0000000709f00000, 0x0000000709f00000, 0x000000070a000000|  0%| F|  |TS  0|AC  0|TAMS 0x0000000709f00000, 0x0000000709f00000|
|  68|0x000000070a000000, 0x000000070a000000, 0x000000070a100000|  0%| F|  |TS  0|AC  0|TAMS 0x000000070a000000, 0x000000070a000000|
|  69|0x000000070a100000, 0x000000070a100000, 0x000000070a200000|  0%| F|  |TS  0|AC  0|TAMS 0x000000070a100000, 0x000000070a100000|
|  70|0x000000070a200000, 0x000000070a200000, 0x000000070a300000|  0%| F|  |TS  0|AC  0|TAMS 0x000000070a200000, 0x000000070a200000|
|  71|0x000000070a300000, 0x000000070a300000, 0x000000070a400000|  0%| F|  |TS  0|AC  0|TAMS 0x000000070a300000, 0x000000070a300000|
|  72|0x000000070a400000, 0x000000070a400000, 0x000000070a500000|  0%| F|  |TS  0|AC  0|TAMS 0x000000070a400000, 0x000000070a400000|
|  73|0x000000070a500000, 0x000000070a500000, 0x000000070a600000|  0%| F|  |TS  0|AC  0|TAMS 0x000000070a500000, 0x000000070a500000|
|  74|0x000000070a600000, 0x000000070a600000, 0x000000070a700000|  0%| F|  |TS  0|AC  0|TAMS 0x000000070a600000, 0x000000070a600000|
|  75|0x000000070a700000, 0x000000070a700000, 0x000000070a800000|  0%| F|  |TS  0|AC  0|TAMS 0x000000070a700000, 0x000000070a700000|
|  76|0x000000070a800000, 0x000000070a800000, 0x000000070a900000|  0%| F|  |TS  0|AC  0|TAMS 0x000000070a800000, 0x000000070a800000|
|  77|0x000000070a900000, 0x000000070a900000, 0x000000070aa00000|  0%| F|  |TS  0|AC  0|TAMS 0x000000070a900000, 0x000000070a900000|
|  78|0x000000070aa00000, 0x000000070aa00000, 0x000000070ab00000|  0%| F|  |TS  0|AC  0|TAMS 0x000000070aa00000, 0x000000070aa00000|
|  79|0x000000070ab00000, 0x000000070ab00000, 0x000000070ac00000|  0%| F|  |TS  0|AC  0|TAMS 0x000000070ab00000, 0x000000070ab00000|
|  80|0x000000070ac00000, 0x000000070ac00000, 0x000000070ad00000|  0%| F|  |TS  0|AC  0|TAMS 0x000000070ac00000, 0x000000070ac00000|
|  81|0x000000070ad00000, 0x000000070ad00000, 0x000000070ae00000|  0%| F|  |TS  0|AC  0|TAMS 0x000000070ad00000, 0x000000070ad00000|
|  82|0x000000070ae00000, 0x000000070ae00000, 0x000000070af00000|  0%| F|  |TS  0|AC  0|TAMS 0x000000070ae00000, 0x000000070ae00000|
|  83|0x000000070af00000, 0x000000070af00000, 0x000000070b000000|  0%| F|  |TS  0|AC  0|TAMS 0x000000070af00000, 0x000000070af00000|
|  84|0x000000070b000000, 0x000000070b000000, 0x000000070b100000|  0%| F|  |TS  0|AC  0|TAMS 0x000000070b000000, 0x000000070b000000|
|  85|0x000000070b100000, 0x000000070b100000, 0x000000070b200000|  0%| F|  |TS  0|AC  0|TAMS 0x000000070b100000, 0x000000070b100000|
|  86|0x000000070b200000, 0x000000070b200000, 0x000000070b300000|  0%| F|  |TS  0|AC  0|TAMS 0x000000070b200000, 0x000000070b200000|
|  87|0x000000070b300000, 0x000000070b300000, 0x000000070b400000|  0%| F|  |TS  0|AC  0|TAMS 0x000000070b300000, 0x000000070b300000|
|  88|0x000000070b400000, 0x000000070b400000, 0x000000070b500000|  0%| F|  |TS  0|AC  0|TAMS 0x000000070b400000, 0x000000070b400000|
|  89|0x000000070b500000, 0x000000070b500000, 0x000000070b600000|  0%| F|  |TS  0|AC  0|TAMS 0x000000070b500000, 0x000000070b500000|
|  90|0x000000070b600000, 0x000000070b600000, 0x000000070b700000|  0%| F|  |TS  0|AC  0|TAMS 0x000000070b600000, 0x000000070b600000|
|  91|0x000000070b700000, 0x000000070b700000, 0x000000070b800000|  0%| F|  |TS  0|AC  0|TAMS 0x000000070b700000, 0x000000070b700000|
|  92|0x000000070b800000, 0x000000070b800000, 0x000000070b900000|  0%| F|  |TS  0|AC  0|TAMS 0x000000070b800000, 0x000000070b800000|
|  93|0x000000070b900000, 0x000000070b900000, 0x000000070ba00000|  0%| F|  |TS  0|AC  0|TAMS 0x000000070b900000, 0x000000070b900000|
|  94|0x000000070ba00000, 0x000000070ba00000, 0x000000070bb00000|  0%| F|  |TS  0|AC  0|TAMS 0x000000070ba00000, 0x000000070ba00000|
|  95|0x000000070bb00000, 0x000000070bb00000, 0x000000070bc00000|  0%| F|  |TS  0|AC  0|TAMS 0x000000070bb00000, 0x000000070bb00000|
|  96|0x000000070bc00000, 0x000000070bc00000, 0x000000070bd00000|  0%| F|  |TS  0|AC  0|TAMS 0x000000070bc00000, 0x000000070bc00000|
|  97|0x000000070bd00000, 0x000000070bd00000, 0x000000070be00000|  0%| F|  |TS  0|AC  0|TAMS 0x000000070bd00000, 0x000000070bd00000|
|  98|0x000000070be00000, 0x000000070be00000, 0x000000070bf00000|  0%| F|  |TS  0|AC  0|TAMS 0x000000070be00000, 0x000000070be00000|
|  99|0x000000070bf00000, 0x000000070bf00000, 0x000000070c000000|  0%| F|  |TS  0|AC  0|TAMS 0x000000070bf00000, 0x000000070bf00000|
| 100|0x000000070c000000, 0x000000070c000000, 0x000000070c100000|  0%| F|  |TS  0|AC  0|TAMS 0x000000070c000000, 0x000000070c000000|
| 101|0x000000070c100000, 0x000000070c100000, 0x000000070c200000|  0%| F|  |TS  0|AC  0|TAMS 0x000000070c100000, 0x000000070c100000|
| 102|0x000000070c200000, 0x000000070c200000, 0x000000070c300000|  0%| F|  |TS  0|AC  0|TAMS 0x000000070c200000, 0x000000070c200000|
| 103|0x000000070c300000, 0x000000070c300000, 0x000000070c400000|  0%| F|  |TS  0|AC  0|TAMS 0x000000070c300000, 0x000000070c300000|
| 104|0x000000070c400000, 0x000000070c400000, 0x000000070c500000|  0%| F|  |TS  0|AC  0|TAMS 0x000000070c400000, 0x000000070c400000|
| 105|0x000000070c500000, 0x000000070c500000, 0x000000070c600000|  0%| F|  |TS  0|AC  0|TAMS 0x000000070c500000, 0x000000070c500000|
| 106|0x000000070c600000, 0x000000070c600000, 0x000000070c700000|  0%| F|  |TS  0|AC  0|TAMS 0x000000070c600000, 0x000000070c600000|
| 107|0x000000070c700000, 0x000000070c700000, 0x000000070c800000|  0%| F|  |TS  0|AC  0|TAMS 0x000000070c700000, 0x000000070c700000|
| 108|0x000000070c800000, 0x000000070c800000, 0x000000070c900000|  0%| F|  |TS  0|AC  0|TAMS 0x000000070c800000, 0x000000070c800000|
| 109|0x000000070c900000, 0x000000070c900000, 0x000000070ca00000|  0%| F|  |TS  0|AC  0|TAMS 0x000000070c900000, 0x000000070c900000|
| 110|0x000000070ca00000, 0x000000070ca00000, 0x000000070cb00000|  0%| F|  |TS  0|AC  0|TAMS 0x000000070ca00000, 0x000000070ca00000|
| 111|0x000000070cb00000, 0x000000070cb00000, 0x000000070cc00000|  0%| F|  |TS  0|AC  0|TAMS 0x000000070cb00000, 0x000000070cb00000|
| 112|0x000000070cc00000, 0x000000070cc00000, 0x000000070cd00000|  0%| F|  |TS  0|AC  0|TAMS 0x000000070cc00000, 0x000000070cc00000|
| 113|0x000000070cd00000, 0x000000070cd00000, 0x000000070ce00000|  0%| F|  |TS  0|AC  0|TAMS 0x000000070cd00000, 0x000000070cd00000|
| 114|0x000000070ce00000, 0x000000070ce00000, 0x000000070cf00000|  0%| F|  |TS  0|AC  0|TAMS 0x000000070ce00000, 0x000000070ce00000|
| 115|0x000000070cf00000, 0x000000070cf00000, 0x000000070d000000|  0%| F|  |TS  0|AC  0|TAMS 0x000000070cf00000, 0x000000070cf00000|
| 116|0x000000070d000000, 0x000000070d000000, 0x000000070d100000|  0%| F|  |TS  0|AC  0|TAMS 0x000000070d000000, 0x000000070d000000|
| 117|0x000000070d100000, 0x000000070d100000, 0x000000070d200000|  0%| F|  |TS  0|AC  0|TAMS 0x000000070d100000, 0x000000070d100000|
| 118|0x000000070d200000, 0x000000070d200000, 0x000000070d300000|  0%| F|  |TS  0|AC  0|TAMS 0x000000070d200000, 0x000000070d200000|
| 119|0x000000070d300000, 0x000000070d300000, 0x000000070d400000|  0%| F|  |TS  0|AC  0|TAMS 0x000000070d300000, 0x000000070d300000|
| 120|0x000000070d400000, 0x000000070d400000, 0x000000070d500000|  0%| F|  |TS  0|AC  0|TAMS 0x000000070d400000, 0x000000070d400000|
| 121|0x000000070d500000, 0x000000070d500000, 0x000000070d600000|  0%| F|  |TS  0|AC  0|TAMS 0x000000070d500000, 0x000000070d500000|
| 122|0x000000070d600000, 0x000000070d600000, 0x000000070d700000|  0%| F|  |TS  0|AC  0|TAMS 0x000000070d600000, 0x000000070d600000|
| 123|0x000000070d700000, 0x000000070d700000, 0x000000070d800000|  0%| F|  |TS  0|AC  0|TAMS 0x000000070d700000, 0x000000070d700000|
| 124|0x000000070d800000, 0x000000070d800000, 0x000000070d900000|  0%| F|  |TS  0|AC  0|TAMS 0x000000070d800000, 0x000000070d800000|
| 125|0x000000070d900000, 0x000000070d900000, 0x000000070da00000|  0%| F|  |TS  0|AC  0|TAMS 0x000000070d900000, 0x000000070d900000|
| 126|0x000000070da00000, 0x000000070da00000, 0x000000070db00000|  0%| F|  |TS  0|AC  0|TAMS 0x000000070da00000, 0x000000070da00000|
| 127|0x000000070db00000, 0x000000070db00000, 0x000000070dc00000|  0%| F|  |TS  0|AC  0|TAMS 0x000000070db00000, 0x000000070db00000|
| 128|0x000000070dc00000, 0x000000070dc00000, 0x000000070dd00000|  0%| F|  |TS  0|AC  0|TAMS 0x000000070dc00000, 0x000000070dc00000|
| 129|0x000000070dd00000, 0x000000070dd00000, 0x000000070de00000|  0%| F|  |TS  0|AC  0|TAMS 0x000000070dd00000, 0x000000070dd00000|
| 130|0x000000070de00000, 0x000000070de00000, 0x000000070df00000|  0%| F|  |TS  0|AC  0|TAMS 0x000000070de00000, 0x000000070de00000|
| 131|0x000000070df00000, 0x000000070df00000, 0x000000070e000000|  0%| F|  |TS  0|AC  0|TAMS 0x000000070df00000, 0x000000070df00000|
| 132|0x000000070e000000, 0x000000070e000000, 0x000000070e100000|  0%| F|  |TS  0|AC  0|TAMS 0x000000070e000000, 0x000000070e000000|
| 133|0x000000070e100000, 0x000000070e100000, 0x000000070e200000|  0%| F|  |TS  0|AC  0|TAMS 0x000000070e100000, 0x000000070e100000|
| 134|0x000000070e200000, 0x000000070e200000, 0x000000070e300000|  0%| F|  |TS  0|AC  0|TAMS 0x000000070e200000, 0x000000070e200000|
| 135|0x000000070e300000, 0x000000070e300000, 0x000000070e400000|  0%| F|  |TS  0|AC  0|TAMS 0x000000070e300000, 0x000000070e300000|
| 136|0x000000070e400000, 0x000000070e400000, 0x000000070e500000|  0%| F|  |TS  0|AC  0|TAMS 0x000000070e400000, 0x000000070e400000|
| 137|0x000000070e500000, 0x000000070e500000, 0x000000070e600000|  0%| F|  |TS  0|AC  0|TAMS 0x000000070e500000, 0x000000070e500000|
| 138|0x000000070e600000, 0x000000070e600000, 0x000000070e700000|  0%| F|  |TS  0|AC  0|TAMS 0x000000070e600000, 0x000000070e600000|
| 139|0x000000070e700000, 0x000000070e700000, 0x000000070e800000|  0%| F|  |TS  0|AC  0|TAMS 0x000000070e700000, 0x000000070e700000|
| 140|0x000000070e800000, 0x000000070e800000, 0x000000070e900000|  0%| F|  |TS  0|AC  0|TAMS 0x000000070e800000, 0x000000070e800000|
| 141|0x000000070e900000, 0x000000070e900000, 0x000000070ea00000|  0%| F|  |TS  0|AC  0|TAMS 0x000000070e900000, 0x000000070e900000|
| 142|0x000000070ea00000, 0x000000070ea00000, 0x000000070eb00000|  0%| F|  |TS  0|AC  0|TAMS 0x000000070ea00000, 0x000000070ea00000|
| 143|0x000000070eb00000, 0x000000070eb00000, 0x000000070ec00000|  0%| F|  |TS  0|AC  0|TAMS 0x000000070eb00000, 0x000000070eb00000|
| 144|0x000000070ec00000, 0x000000070ec00000, 0x000000070ed00000|  0%| F|  |TS  0|AC  0|TAMS 0x000000070ec00000, 0x000000070ec00000|
| 145|0x000000070ed00000, 0x000000070ed00000, 0x000000070ee00000|  0%| F|  |TS  0|AC  0|TAMS 0x000000070ed00000, 0x000000070ed00000|
| 146|0x000000070ee00000, 0x000000070ee00000, 0x000000070ef00000|  0%| F|  |TS  0|AC  0|TAMS 0x000000070ee00000, 0x000000070ee00000|
| 147|0x000000070ef00000, 0x000000070ef00000, 0x000000070f000000|  0%| F|  |TS  0|AC  0|TAMS 0x000000070ef00000, 0x000000070ef00000|
| 148|0x000000070f000000, 0x000000070f000000, 0x000000070f100000|  0%| F|  |TS  0|AC  0|TAMS 0x000000070f000000, 0x000000070f000000|
| 149|0x000000070f100000, 0x000000070f100000, 0x000000070f200000|  0%| F|  |TS  0|AC  0|TAMS 0x000000070f100000, 0x000000070f100000|
| 150|0x000000070f200000, 0x000000070f200000, 0x000000070f300000|  0%| F|  |TS  0|AC  0|TAMS 0x000000070f200000, 0x000000070f200000|
| 151|0x000000070f300000, 0x000000070f300000, 0x000000070f400000|  0%| F|  |TS  0|AC  0|TAMS 0x000000070f300000, 0x000000070f300000|
| 152|0x000000070f400000, 0x000000070f400000, 0x000000070f500000|  0%| F|  |TS  0|AC  0|TAMS 0x000000070f400000, 0x000000070f400000|
| 153|0x000000070f500000, 0x000000070f500000, 0x000000070f600000|  0%| F|  |TS  0|AC  0|TAMS 0x000000070f500000, 0x000000070f500000|
| 154|0x000000070f600000, 0x000000070f600000, 0x000000070f700000|  0%| F|  |TS  0|AC  0|TAMS 0x000000070f600000, 0x000000070f600000|
| 155|0x000000070f700000, 0x000000070f700000, 0x000000070f800000|  0%| F|  |TS  0|AC  0|TAMS 0x000000070f700000, 0x000000070f700000|
| 156|0x000000070f800000, 0x000000070f800000, 0x000000070f900000|  0%| F|  |TS  0|AC  0|TAMS 0x000000070f800000, 0x000000070f800000|
| 157|0x000000070f900000, 0x000000070f900000, 0x000000070fa00000|  0%| F|  |TS  0|AC  0|TAMS 0x000000070f900000, 0x000000070f900000|
| 158|0x000000070fa00000, 0x000000070fa00000, 0x000000070fb00000|  0%| F|  |TS  0|AC  0|TAMS 0x000000070fa00000, 0x000000070fa00000|
| 159|0x000000070fb00000, 0x000000070fb00000, 0x000000070fc00000|  0%| F|  |TS  0|AC  0|TAMS 0x000000070fb00000, 0x000000070fb00000|
| 160|0x000000070fc00000, 0x000000070fc00000, 0x000000070fd00000|  0%| F|  |TS  0|AC  0|TAMS 0x000000070fc00000, 0x000000070fc00000|
| 161|0x000000070fd00000, 0x000000070fd00000, 0x000000070fe00000|  0%| F|  |TS  0|AC  0|TAMS 0x000000070fd00000, 0x000000070fd00000|
| 162|0x000000070fe00000, 0x000000070fe00000, 0x000000070ff00000|  0%| F|  |TS  0|AC  0|TAMS 0x000000070fe00000, 0x000000070fe00000|
| 163|0x000000070ff00000, 0x000000070ff00000, 0x0000000710000000|  0%| F|  |TS  0|AC  0|TAMS 0x000000070ff00000, 0x000000070ff00000|
| 164|0x0000000710000000, 0x0000000710000000, 0x0000000710100000|  0%| F|  |TS  0|AC  0|TAMS 0x0000000710000000, 0x0000000710000000|
| 165|0x0000000710100000, 0x0000000710100000, 0x0000000710200000|  0%| F|  |TS  0|AC  0|TAMS 0x0000000710100000, 0x0000000710100000|
| 166|0x0000000710200000, 0x0000000710200000, 0x0000000710300000|  0%| F|  |TS  0|AC  0|TAMS 0x0000000710200000, 0x0000000710200000|
| 167|0x0000000710300000, 0x0000000710300000, 0x0000000710400000|  0%| F|  |TS  0|AC  0|TAMS 0x0000000710300000, 0x0000000710300000|
| 168|0x0000000710400000, 0x0000000710400000, 0x0000000710500000|  0%| F|  |TS  0|AC  0|TAMS 0x0000000710400000, 0x0000000710400000|
| 169|0x0000000710500000, 0x0000000710500000, 0x0000000710600000|  0%| F|  |TS  0|AC  0|TAMS 0x0000000710500000, 0x0000000710500000|
| 170|0x0000000710600000, 0x0000000710600000, 0x0000000710700000|  0%| F|  |TS  0|AC  0|TAMS 0x0000000710600000, 0x0000000710600000|
| 171|0x0000000710700000, 0x0000000710700000, 0x0000000710800000|  0%| F|  |TS  0|AC  0|TAMS 0x0000000710700000, 0x0000000710700000|
| 172|0x0000000710800000, 0x0000000710800000, 0x0000000710900000|  0%| F|  |TS  0|AC  0|TAMS 0x0000000710800000, 0x0000000710800000|
| 173|0x0000000710900000, 0x0000000710900000, 0x0000000710a00000|  0%| F|  |TS  0|AC  0|TAMS 0x0000000710900000, 0x0000000710900000|
| 174|0x0000000710a00000, 0x0000000710a00000, 0x0000000710b00000|  0%| F|  |TS  0|AC  0|TAMS 0x0000000710a00000, 0x0000000710a00000|
| 175|0x0000000710b00000, 0x0000000710b00000, 0x0000000710c00000|  0%| F|  |TS  0|AC  0|TAMS 0x0000000710b00000, 0x0000000710b00000|
| 176|0x0000000710c00000, 0x0000000710c00000, 0x0000000710d00000|  0%| F|  |TS  0|AC  0|TAMS 0x0000000710c00000, 0x0000000710c00000|
| 177|0x0000000710d00000, 0x0000000710d00000, 0x0000000710e00000|  0%| F|  |TS  0|AC  0|TAMS 0x0000000710d00000, 0x0000000710d00000|
| 178|0x0000000710e00000, 0x0000000710e00000, 0x0000000710f00000|  0%| F|  |TS  0|AC  0|TAMS 0x0000000710e00000, 0x0000000710e00000|
| 179|0x0000000710f00000, 0x0000000710f00000, 0x0000000711000000|  0%| F|  |TS  0|AC  0|TAMS 0x0000000710f00000, 0x0000000710f00000|
| 180|0x0000000711000000, 0x00000007110bcb18, 0x0000000711100000| 73%| E|  |TS  0|AC  0|TAMS 0x0000000711000000, 0x0000000711000000|
| 181|0x0000000711100000, 0x0000000711200000, 0x0000000711200000|100%| E|CS|TS  0|AC  0|TAMS 0x0000000711100000, 0x0000000711100000|
| 182|0x0000000711200000, 0x0000000711300000, 0x0000000711300000|100%| E|CS|TS  0|AC  0|TAMS 0x0000000711200000, 0x0000000711200000|
| 183|0x0000000711300000, 0x0000000711400000, 0x0000000711400000|100%| E|CS|TS  0|AC  0|TAMS 0x0000000711300000, 0x0000000711300000|
| 184|0x0000000711400000, 0x0000000711500000, 0x0000000711500000|100%| E|CS|TS  0|AC  0|TAMS 0x0000000711400000, 0x0000000711400000|
| 185|0x0000000711500000, 0x0000000711600000, 0x0000000711600000|100%| E|CS|TS  0|AC  0|TAMS 0x0000000711500000, 0x0000000711500000|
| 186|0x0000000711600000, 0x0000000711700000, 0x0000000711700000|100%| E|CS|TS  0|AC  0|TAMS 0x0000000711600000, 0x0000000711600000|
| 187|0x0000000711700000, 0x0000000711800000, 0x0000000711800000|100%| E|CS|TS  0|AC  0|TAMS 0x0000000711700000, 0x0000000711700000|

Card table byte_map: [0x00007f36ef45c000,0x00007f36efa2e000] byte_map_base: 0x00007f36ebc2e000

Marking Bits (Prev, Next): (CMBitMap*) 0x00007f372c074780, (CMBitMap*) 0x00007f372c0747d8
 Prev Bits: [0x00007f36ebffa000, 0x00007f36eee8a000)
 Next Bits: [0x00007f36e916a000, 0x00007f36ebffa000)

Polling page: 0x00007f3733840000

CodeHeap 'non-nmethods': size=5696Kb used=1271Kb max_used=1290Kb free=4424Kb
 bounds [0x00007f3715843000, 0x00007f3715ab3000, 0x00007f3715dd3000]
CodeHeap 'profiled nmethods': size=120032Kb used=1069Kb max_used=1069Kb free=118962Kb
 bounds [0x00007f3715dd3000, 0x00007f3716043000, 0x00007f371d30b000]
CodeHeap 'non-profiled nmethods': size=120032Kb used=200Kb max_used=200Kb free=119831Kb
 bounds [0x00007f371d30b000, 0x00007f371d57b000, 0x00007f3724843000]
 total_blobs=1363 nmethods=644 adapters=462
 compilation: enabled

Compilation events (10 events):
Event: 5.512 Thread 0x00007f372c1c0000 nmethod 643 0x00007f3715edd690 code [0x00007f3715edd820, 0x00007f3715edda28]
Event: 5.512 Thread 0x00007f372c1c0000  642       3       java.nio.Buffer::remaining (10 bytes)
Event: 5.512 Thread 0x00007f372c1c0000 nmethod 642 0x00007f3715eddb10 code [0x00007f3715eddc80, 0x00007f3715edddd0]
Event: 5.512 Thread 0x00007f372c1c0000  641       1       java.lang.invoke.StringConcatFactory$Mode::isSized (5 bytes)
Event: 5.512 Thread 0x00007f372c1c0000 nmethod 641 0x00007f371d33c290 code [0x00007f371d33c400, 0x00007f371d33c510]
Event: 5.512 Thread 0x00007f372c1c0000  644       3       java.nio.Buffer::position (55 bytes)
Event: 5.512 Thread 0x00007f372c1c0000 nmethod 644 0x00007f3715edde90 code [0x00007f3715ede020, 0x00007f3715ede2e8]
Event: 5.512 Thread 0x00007f372c1c0000  645       3       java.nio.HeapByteBuffer::_get (7 bytes)
Event: 5.512 Thread 0x00007f372c1c0000 nmethod 645 0x00007f3715ede390 code [0x00007f3715ede500, 0x00007f3715ede670]
Event: 5.515 Thread 0x00007f372c1bc800 nmethod 638 0x00007f371d33c590 code [0x00007f371d33c740, 0x00007f371d33cdb8]

GC Heap History (0 events):
No events

Deoptimization events (10 events):
Event: 0.292 Thread 0x00007f372c011000 Uncommon trap: reason=unstable_if action=reinterpret pc=0x00007f371d316688 method=java.util.HashMap.hash(Ljava/lang/Object;)I @ 1
Event: 0.309 Thread 0x00007f372c011000 Uncommon trap: reason=class_check action=maybe_recompile pc=0x00007f371d315210 method=java.util.HashMap.putVal(ILjava/lang/Object;Ljava/lang/Object;ZZ)Ljava/lang/Object; @ 253
Event: 0.309 Thread 0x00007f372c011000 Uncommon trap: reason=class_check action=maybe_recompile pc=0x00007f371d315238 method=java.util.HashMap.putVal(ILjava/lang/Object;Ljava/lang/Object;ZZ)Ljava/lang/Object; @ 91
Event: 0.309 Thread 0x00007f372c011000 Uncommon trap: reason=class_check action=maybe_recompile pc=0x00007f371d315210 method=java.util.HashMap.putVal(ILjava/lang/Object;Ljava/lang/Object;ZZ)Ljava/lang/Object; @ 253
Event: 0.313 Thread 0x00007f372c011000 Uncommon trap: reason=unstable_fused_if action=reinterpret pc=0x00007f371d325134 method=jdk.internal.org.objectweb.asm.ByteVector.putUTF8(Ljava/lang/String;)Ljdk/internal/org/objectweb/asm/ByteVector; @ 91
Event: 0.481 Thread 0x00007f372c011000 Uncommon trap: reason=bimorphic_or_optimized_type_check action=maybe_recompile pc=0x00007f371d333d94 method=java.util.HashMap.putVal(ILjava/lang/Object;Ljava/lang/Object;ZZ)Ljava/lang/Object; @ 253
Event: 0.481 Thread 0x00007f372c011000 Uncommon trap: reason=bimorphic_or_optimized_type_check action=maybe_recompile pc=0x00007f371d333d94 method=java.util.HashMap.putVal(ILjava/lang/Object;Ljava/lang/Object;ZZ)Ljava/lang/Object; @ 253
Event: 0.481 Thread 0x00007f372c011000 Uncommon trap: reason=bimorphic_or_optimized_type_check action=maybe_recompile pc=0x00007f371d333d94 method=java.util.HashMap.putVal(ILjava/lang/Object;Ljava/lang/Object;ZZ)Ljava/lang/Object; @ 253
Event: 0.481 Thread 0x00007f372c011000 Uncommon trap: reason=bimorphic_or_optimized_type_check action=maybe_recompile pc=0x00007f371d333d94 method=java.util.HashMap.putVal(ILjava/lang/Object;Ljava/lang/Object;ZZ)Ljava/lang/Object; @ 253
Event: 0.732 Thread 0x00007f372c830800 Uncommon trap: reason=unstable_if action=reinterpret pc=0x00007f371d337b40 method=sun.security.provider.SeedGenerator$ThreadedSeedGenerator.run()V @ 120

Classes redefined (0 events):
No events

Internal exceptions (9 events):
Event: 0.171 Thread 0x00007f372c011000 Exception <a 'java/lang/ClassNotFoundException': sun/awt/resources/awtProvider> (0x0000000711433120) thrown at [/build/openjdk-9-argm_o/openjdk-9-9~b114/src/hotspot/src/share/vm/classfile/systemDictionary.cpp, line 224]
Event: 0.185 Thread 0x00007f372c011000 Exception <a 'java/io/FileNotFoundException'> (0x0000000711468ed0) thrown at [/build/openjdk-9-argm_o/openjdk-9-9~b114/src/hotspot/src/share/vm/prims/jni.cpp, line 605]
Event: 0.185 Thread 0x00007f372c011000 Exception <a 'java/io/FileNotFoundException'> (0x000000071146bc40) thrown at [/build/openjdk-9-argm_o/openjdk-9-9~b114/src/hotspot/src/share/vm/prims/jni.cpp, line 605]
Event: 0.238 Thread 0x00007f372c011000 Implicit null exception at 0x00007f371d326fb5 to 0x00007f371d32711d
Event: 0.274 Thread 0x00007f372c011000 Exception <a 'java/lang/ClassNotFoundException': com/sun/swing/internal/plaf/metal/resources/metalProvider> (0x000000071123dbb8) thrown at [/build/openjdk-9-argm_o/openjdk-9-9~b114/src/hotspot/src/share/vm/classfile/systemDictionary.cpp, line 224]
Event: 0.275 Thread 0x00007f372c011000 Exception <a 'java/lang/ClassNotFoundException': com/sun/swing/internal/plaf/basic/resources/basicProvider> (0x0000000711241218) thrown at [/build/openjdk-9-argm_o/openjdk-9-9~b114/src/hotspot/src/share/vm/classfile/systemDictionary.cpp, line 224]
Event: 0.281 Thread 0x00007f372c011000 Implicit null exception at 0x00007f371d3171b8 to 0x00007f371d317246
Event: 0.292 Thread 0x00007f372c011000 Implicit null exception at 0x00007f371d31660f to 0x00007f371d316679
Event: 0.429 Thread 0x00007f372c011000 Exception <a 'java/net/UnknownHostException'> (0x00000007112f9e40) thrown at [/build/openjdk-9-argm_o/openjdk-9-9~b114/src/hotspot/src/share/vm/prims/jni.cpp, line 605]

Events (10 events):
Event: 5.512 loading class sun/nio/cs/UTF_16$Decoder
Event: 5.512 loading class sun/nio/cs/UnicodeDecoder
Event: 5.512 loading class sun/nio/cs/UnicodeDecoder done
Event: 5.512 loading class sun/nio/cs/UTF_16$Decoder done
Event: 5.512 loading class sun/font/FileFontStrike
Event: 5.513 loading class sun/font/FileFontStrike done
Event: 5.513 loading class sun/font/FontScaler
Event: 5.513 loading class sun/font/FontScaler done
Event: 5.513 loading class sun/font/FreetypeFontScaler
Event: 5.513 loading class sun/font/FreetypeFontScaler done


Dynamic libraries:
00400000-00401000 r-xp 00000000 08:06 2629663                            /usr/lib/jvm/java-9-openjdk-amd64/bin/java
00600000-00601000 r--p 00000000 08:06 2629663                            /usr/lib/jvm/java-9-openjdk-amd64/bin/java
00601000-00602000 rw-p 00001000 08:06 2629663                            /usr/lib/jvm/java-9-openjdk-amd64/bin/java
020a0000-020c1000 rw-p 00000000 00:00 0                                  [heap]
705c00000-711800000 rw-p 00000000 00:00 0 
711800000-7c0000000 ---p 00000000 00:00 0 
7c0000000-7c01a0000 rw-p 00000000 00:00 0 
7c01a0000-800000000 ---p 00000000 00:00 0 
7f368c000000-7f368c021000 rw-p 00000000 00:00 0 
7f368c021000-7f3690000000 ---p 00000000 00:00 0 
7f3694000000-7f3694021000 rw-p 00000000 00:00 0 
7f3694021000-7f3698000000 ---p 00000000 00:00 0 
7f3698000000-7f3698021000 rw-p 00000000 00:00 0 
7f3698021000-7f369c000000 ---p 00000000 00:00 0 
7f369c000000-7f369c021000 rw-p 00000000 00:00 0 
7f369c021000-7f36a0000000 ---p 00000000 00:00 0 
7f36a0000000-7f36a0021000 rw-p 00000000 00:00 0 
7f36a0021000-7f36a4000000 ---p 00000000 00:00 0 
7f36a4000000-7f36a4021000 rw-p 00000000 00:00 0 
7f36a4021000-7f36a8000000 ---p 00000000 00:00 0 
7f36a8000000-7f36a8021000 rw-p 00000000 00:00 0 
7f36a8021000-7f36ac000000 ---p 00000000 00:00 0 
7f36ad95c000-7f36ad960000 r--s 00000000 08:06 2362164                    /var/cache/fontconfig/6aa41aa22e18b8fa06a12da28ea9c28b-le64.cache-6
7f36ad960000-7f36ad96b000 r--s 00000000 08:06 2361037                    /var/cache/fontconfig/945677eb7aeaf62f1d50efc3fb3ec7d8-le64.cache-6
7f36ad96b000-7f36ad96d000 r--s 00000000 08:06 2366376                    /var/cache/fontconfig/99e8ed0e538f840c565b6ed5dad60d56-le64.cache-6
7f36ad96d000-7f36ad982000 r--s 00000000 08:06 2361530                    /var/cache/fontconfig/04aabc0a78ac019cf9454389977116d2-le64.cache-6
7f36adaeb000-7f36adaef000 ---p 00000000 00:00 0 
7f36adaef000-7f36adbec000 rw-p 00000000 00:00 0 
7f36adbec000-7f36adbf0000 ---p 00000000 00:00 0 
7f36adbf0000-7f36adced000 rw-p 00000000 00:00 0 
7f36adced000-7f36adcf1000 ---p 00000000 00:00 0 
7f36adcf1000-7f36addee000 rw-p 00000000 00:00 0 
7f36addee000-7f36ade05000 r-xp 00000000 08:06 10092737                   /lib/x86_64-linux-gnu/libresolv-2.23.so
7f36ade05000-7f36ae005000 ---p 00017000 08:06 10092737                   /lib/x86_64-linux-gnu/libresolv-2.23.so
7f36ae005000-7f36ae006000 r--p 00017000 08:06 10092737                   /lib/x86_64-linux-gnu/libresolv-2.23.so
7f36ae006000-7f36ae007000 rw-p 00018000 08:06 10092737                   /lib/x86_64-linux-gnu/libresolv-2.23.so
7f36ae007000-7f36ae009000 rw-p 00000000 00:00 0 
7f36ae009000-7f36ae00e000 r-xp 00000000 08:06 10092735                   /lib/x86_64-linux-gnu/libnss_dns-2.23.so
7f36ae00e000-7f36ae20e000 ---p 00005000 08:06 10092735                   /lib/x86_64-linux-gnu/libnss_dns-2.23.so
7f36ae20e000-7f36ae20f000 r--p 00005000 08:06 10092735                   /lib/x86_64-linux-gnu/libnss_dns-2.23.so
7f36ae20f000-7f36ae210000 rw-p 00006000 08:06 10092735                   /lib/x86_64-linux-gnu/libnss_dns-2.23.so
7f36ae210000-7f36ae212000 r-xp 00000000 08:06 10097141                   /lib/x86_64-linux-gnu/libnss_mdns4_minimal.so.2
7f36ae212000-7f36ae411000 ---p 00002000 08:06 10097141                   /lib/x86_64-linux-gnu/libnss_mdns4_minimal.so.2
7f36ae411000-7f36ae412000 r--p 00001000 08:06 10097141                   /lib/x86_64-linux-gnu/libnss_mdns4_minimal.so.2
7f36ae412000-7f36ae413000 rw-p 00002000 08:06 10097141                   /lib/x86_64-linux-gnu/libnss_mdns4_minimal.so.2
7f36ae413000-7f36ae553000 rw-p 00000000 00:00 0 
7f36ae553000-7f36ae613000 ---p 00000000 00:00 0 
7f36ae613000-7f36ae617000 ---p 00000000 00:00 0 
7f36ae617000-7f36ae914000 rw-p 00000000 00:00 0 
7f36ae914000-7f36ae918000 ---p 00000000 00:00 0 
7f36ae918000-7f36aea15000 rw-p 00000000 00:00 0 
7f36aea15000-7f36aea1a000 r-xp 00000000 08:06 2629448                    /usr/lib/x86_64-linux-gnu/libXfixes.so.3.1.0
7f36aea1a000-7f36aec19000 ---p 00005000 08:06 2629448                    /usr/lib/x86_64-linux-gnu/libXfixes.so.3.1.0
7f36aec19000-7f36aec1a000 r--p 00004000 08:06 2629448                    /usr/lib/x86_64-linux-gnu/libXfixes.so.3.1.0
7f36aec1a000-7f36aec1b000 rw-p 00005000 08:06 2629448                    /usr/lib/x86_64-linux-gnu/libXfixes.so.3.1.0
7f36aec1b000-7f36aec24000 r-xp 00000000 08:06 2629440                    /usr/lib/x86_64-linux-gnu/libXcursor.so.1.0.2
7f36aec24000-7f36aee23000 ---p 00009000 08:06 2629440                    /usr/lib/x86_64-linux-gnu/libXcursor.so.1.0.2
7f36aee23000-7f36aee24000 r--p 00008000 08:06 2629440                    /usr/lib/x86_64-linux-gnu/libXcursor.so.1.0.2
7f36aee24000-7f36aee25000 rw-p 00009000 08:06 2629440                    /usr/lib/x86_64-linux-gnu/libXcursor.so.1.0.2
7f36aee25000-7f36aee49000 r-xp 00000000 08:06 10097177                   /lib/x86_64-linux-gnu/libpng12.so.0.54.0
7f36aee49000-7f36af048000 ---p 00024000 08:06 10097177                   /lib/x86_64-linux-gnu/libpng12.so.0.54.0
7f36af048000-7f36af049000 r--p 00023000 08:06 10097177                   /lib/x86_64-linux-gnu/libpng12.so.0.54.0
7f36af049000-7f36af04a000 rw-p 00024000 08:06 10097177                   /lib/x86_64-linux-gnu/libpng12.so.0.54.0
7f36af04a000-7f36af0ee000 r-xp 00000000 08:06 2629864                    /usr/lib/x86_64-linux-gnu/libfreetype.so.6.12.1
7f36af0ee000-7f36af2ed000 ---p 000a4000 08:06 2629864                    /usr/lib/x86_64-linux-gnu/libfreetype.so.6.12.1
7f36af2ed000-7f36af2f3000 r--p 000a3000 08:06 2629864                    /usr/lib/x86_64-linux-gnu/libfreetype.so.6.12.1
7f36af2f3000-7f36af2f4000 rw-p 000a9000 08:06 2629864                    /usr/lib/x86_64-linux-gnu/libfreetype.so.6.12.1
7f36af2f4000-7f36af3ba000 r-xp 00000000 08:06 2630873                    /usr/lib/jvm/java-9-openjdk-amd64/lib/amd64/libfontmanager.so
7f36af3ba000-7f36af5b9000 ---p 000c6000 08:06 2630873                    /usr/lib/jvm/java-9-openjdk-amd64/lib/amd64/libfontmanager.so
7f36af5b9000-7f36af5bc000 r--p 000c5000 08:06 2630873                    /usr/lib/jvm/java-9-openjdk-amd64/lib/amd64/libfontmanager.so
7f36af5bc000-7f36af5bd000 rw-p 000c8000 08:06 2630873                    /usr/lib/jvm/java-9-openjdk-amd64/lib/amd64/libfontmanager.so
7f36af5bd000-7f36af5be000 rw-p 00000000 00:00 0 
7f36af5be000-7f36af5c3000 r-xp 00000000 08:06 2629444                    /usr/lib/x86_64-linux-gnu/libXdmcp.so.6.0.0
7f36af5c3000-7f36af7c2000 ---p 00005000 08:06 2629444                    /usr/lib/x86_64-linux-gnu/libXdmcp.so.6.0.0
7f36af7c2000-7f36af7c3000 r--p 00004000 08:06 2629444                    /usr/lib/x86_64-linux-gnu/libXdmcp.so.6.0.0
7f36af7c3000-7f36af7c4000 rw-p 00005000 08:06 2629444                    /usr/lib/x86_64-linux-gnu/libXdmcp.so.6.0.0
7f36af7c4000-7f36af7c6000 r-xp 00000000 08:06 2629433                    /usr/lib/x86_64-linux-gnu/libXau.so.6.0.0
7f36af7c6000-7f36af9c6000 ---p 00002000 08:06 2629433                    /usr/lib/x86_64-linux-gnu/libXau.so.6.0.0
7f36af9c6000-7f36af9c7000 r--p 00002000 08:06 2629433                    /usr/lib/x86_64-linux-gnu/libXau.so.6.0.0
7f36af9c7000-7f36af9c8000 rw-p 00003000 08:06 2629433                    /usr/lib/x86_64-linux-gnu/libXau.so.6.0.0
7f36af9c8000-7f36af9e9000 r-xp 00000000 08:06 2630811                    /usr/lib/x86_64-linux-gnu/libxcb.so.1.1.0
7f36af9e9000-7f36afbe8000 ---p 00021000 08:06 2630811                    /usr/lib/x86_64-linux-gnu/libxcb.so.1.1.0
7f36afbe8000-7f36afbe9000 r--p 00020000 08:06 2630811                    /usr/lib/x86_64-linux-gnu/libxcb.so.1.1.0
7f36afbe9000-7f36afbea000 rw-p 00021000 08:06 2630811                    /usr/lib/x86_64-linux-gnu/libxcb.so.1.1.0
7f36afbea000-7f36afbf9000 r-xp 00000000 08:06 2629454                    /usr/lib/x86_64-linux-gnu/libXi.so.6.1.0
7f36afbf9000-7f36afdf8000 ---p 0000f000 08:06 2629454                    /usr/lib/x86_64-linux-gnu/libXi.so.6.1.0
7f36afdf8000-7f36afdf9000 r--p 0000e000 08:06 2629454                    /usr/lib/x86_64-linux-gnu/libXi.so.6.1.0
7f36afdf9000-7f36afdfa000 rw-p 0000f000 08:06 2629454                    /usr/lib/x86_64-linux-gnu/libXi.so.6.1.0
7f36afdfa000-7f36afdff000 r-xp 00000000 08:06 2629472                    /usr/lib/x86_64-linux-gnu/libXtst.so.6.1.0
7f36afdff000-7f36afffe000 ---p 00005000 08:06 2629472                    /usr/lib/x86_64-linux-gnu/libXtst.so.6.1.0
7f36afffe000-7f36affff000 r--p 00004000 08:06 2629472                    /usr/lib/x86_64-linux-gnu/libXtst.so.6.1.0
7f36affff000-7f36b0000000 rw-p 00005000 08:06 2629472                    /usr/lib/x86_64-linux-gnu/libXtst.so.6.1.0
7f36b0000000-7f36b0021000 rw-p 00000000 00:00 0 
7f36b0021000-7f36b4000000 ---p 00000000 00:00 0 
7f36b4000000-7f36b4021000 rw-p 00000000 00:00 0 
7f36b4021000-7f36b8000000 ---p 00000000 00:00 0 
7f36b8000000-7f36b816b000 rw-p 00000000 00:00 0 
7f36b816b000-7f36bc000000 ---p 00000000 00:00 0 
7f36bc000000-7f36bc021000 rw-p 00000000 00:00 0 
7f36bc021000-7f36c0000000 ---p 00000000 00:00 0 
7f36c0000000-7f36c02a2000 rw-p 00000000 00:00 0 
7f36c02a2000-7f36c4000000 ---p 00000000 00:00 0 
7f36c4000000-7f36c40d1000 rw-p 00000000 00:00 0 
7f36c40d1000-7f36c8000000 ---p 00000000 00:00 0 
7f36c8000000-7f36c8021000 rw-p 00000000 00:00 0 
7f36c8021000-7f36cc000000 ---p 00000000 00:00 0 
7f36cc000000-7f36cc021000 rw-p 00000000 00:00 0 
7f36cc021000-7f36d0000000 ---p 00000000 00:00 0 
7f36d0000000-7f36d0021000 rw-p 00000000 00:00 0 
7f36d0021000-7f36d4000000 ---p 00000000 00:00 0 
7f36d4000000-7f36d4021000 rw-p 00000000 00:00 0 
7f36d4021000-7f36d8000000 ---p 00000000 00:00 0 
7f36d8000000-7f36d8021000 rw-p 00000000 00:00 0 
7f36d8021000-7f36dc000000 ---p 00000000 00:00 0 
7f36dc000000-7f36dc021000 rw-p 00000000 00:00 0 
7f36dc021000-7f36e0000000 ---p 00000000 00:00 0 
7f36e0001000-7f36e000a000 r--s 00000000 08:06 2366375                    /var/cache/fontconfig/a6d8cf8e4ec09cdbc8633c31745a07dd-le64.cache-6
7f36e000a000-7f36e0010000 r--s 00000000 08:06 2361566                    /var/cache/fontconfig/2cd17615ca594fa2959ae173292e504c-le64.cache-6
7f36e0010000-7f36e0011000 r--s 00000000 08:06 2361531                    /var/cache/fontconfig/0d8c3b2ac0904cb8a57a757ad11a4a08-le64.cache-6
7f36e0011000-7f36e0012000 r--s 00000000 08:06 2361513                    /var/cache/fontconfig/1ac9eb803944fde146138c791f5cc56a-le64.cache-6
7f36e0012000-7f36e0016000 r--s 00000000 08:06 2361512                    /var/cache/fontconfig/385c0604a188198f04d133e54aba7fe7-le64.cache-6
7f36e0016000-7f36e0017000 r--s 00000000 08:06 2361505                    /var/cache/fontconfig/dc05db6664285cc2f12bf69c139ae4c3-le64.cache-6
7f36e0017000-7f36e001a000 r--s 00000000 08:06 2361504                    /var/cache/fontconfig/767a8244fc0220cfb567a839d0392e0b-le64.cache-6
7f36e001a000-7f36e0055000 r--s 00000000 08:06 2361151                    /var/cache/fontconfig/365b55f210c0a22e9a19e35191240f32-le64.cache-6
7f36e0055000-7f36e005c000 r--s 00000000 08:06 2361480                    /var/cache/fontconfig/3047814df9a2f067bd2d96a2b9c36e5a-le64.cache-6
7f36e005c000-7f36e0064000 r--s 00000000 08:06 2362163                    /var/cache/fontconfig/bf3b770c553c462765856025a94f1ce6-le64.cache-6
7f36e0064000-7f36e006a000 r--s 00000000 08:06 2361477                    /var/cache/fontconfig/b47c4e1ecd0709278f4910c18777a504-le64.cache-6
7f36e006a000-7f36e0072000 r--s 00000000 08:06 2366374                    /var/cache/fontconfig/52f7bdb7ce746bfd7eaa1985bd9cfa93-le64.cache-6
7f36e0072000-7f36e0076000 ---p 00000000 00:00 0 
7f36e0076000-7f36e0173000 rw-p 00000000 00:00 0 
7f36e0173000-7f36e017c000 r-xp 00000000 08:06 2629466                    /usr/lib/x86_64-linux-gnu/libXrender.so.1.3.0
7f36e017c000-7f36e037b000 ---p 00009000 08:06 2629466                    /usr/lib/x86_64-linux-gnu/libXrender.so.1.3.0
7f36e037b000-7f36e037c000 r--p 00008000 08:06 2629466                    /usr/lib/x86_64-linux-gnu/libXrender.so.1.3.0
7f36e037c000-7f36e037d000 rw-p 00009000 08:06 2629466                    /usr/lib/x86_64-linux-gnu/libXrender.so.1.3.0
7f36e037d000-7f36e04b2000 r-xp 00000000 08:06 2629429                    /usr/lib/x86_64-linux-gnu/libX11.so.6.3.0
7f36e04b2000-7f36e06b2000 ---p 00135000 08:06 2629429                    /usr/lib/x86_64-linux-gnu/libX11.so.6.3.0
7f36e06b2000-7f36e06b3000 r--p 00135000 08:06 2629429                    /usr/lib/x86_64-linux-gnu/libX11.so.6.3.0
7f36e06b3000-7f36e06b7000 rw-p 00136000 08:06 2629429                    /usr/lib/x86_64-linux-gnu/libX11.so.6.3.0
7f36e06b7000-7f36e06c8000 r-xp 00000000 08:06 2629446                    /usr/lib/x86_64-linux-gnu/libXext.so.6.4.0
7f36e06c8000-7f36e08c7000 ---p 00011000 08:06 2629446                    /usr/lib/x86_64-linux-gnu/libXext.so.6.4.0
7f36e08c7000-7f36e08c8000 r--p 00010000 08:06 2629446                    /usr/lib/x86_64-linux-gnu/libXext.so.6.4.0
7f36e08c8000-7f36e08c9000 rw-p 00011000 08:06 2629446                    /usr/lib/x86_64-linux-gnu/libXext.so.6.4.0
7f36e08c9000-7f36e0920000 r-xp 00000000 08:06 2638572                    /usr/lib/jvm/java-9-openjdk-amd64/lib/amd64/libawt_xawt.so
7f36e0920000-7f36e0b20000 ---p 00057000 08:06 2638572                    /usr/lib/jvm/java-9-openjdk-amd64/lib/amd64/libawt_xawt.so
7f36e0b20000-7f36e0b21000 r--p 00057000 08:06 2638572                    /usr/lib/jvm/java-9-openjdk-amd64/lib/amd64/libawt_xawt.so
7f36e0b21000-7f36e0b24000 rw-p 00058000 08:06 2638572                    /usr/lib/jvm/java-9-openjdk-amd64/lib/amd64/libawt_xawt.so
7f36e0b24000-7f36e0b25000 rw-p 00000000 00:00 0 
7f36e0b25000-7f36e0bc5000 r-xp 00000000 08:06 2630868                    /usr/lib/jvm/java-9-openjdk-amd64/lib/amd64/libawt.so
7f36e0bc5000-7f36e0dc4000 ---p 000a0000 08:06 2630868                    /usr/lib/jvm/java-9-openjdk-amd64/lib/amd64/libawt.so
7f36e0dc4000-7f36e0dc5000 r--p 0009f000 08:06 2630868                    /usr/lib/jvm/java-9-openjdk-amd64/lib/amd64/libawt.so
7f36e0dc5000-7f36e0dd0000 rw-p 000a0000 08:06 2630868                    /usr/lib/jvm/java-9-openjdk-amd64/lib/amd64/libawt.so
7f36e0dd0000-7f36e0df5000 rw-p 00000000 00:00 0 
7f36e0df5000-7f36e0df6000 ---p 00000000 00:00 0 
7f36e0df6000-7f36e0ef6000 rw-p 00000000 00:00 0 
7f36e0ef6000-7f36e0efa000 ---p 00000000 00:00 0 
7f36e0efa000-7f36e0ff7000 rw-p 00000000 00:00 0 
7f36e0ff7000-7f36e0ffb000 ---p 00000000 00:00 0 
7f36e0ffb000-7f36e13f9000 rw-p 00000000 00:00 0 
7f36e13f9000-7f36e140f000 r-xp 00000000 08:06 2630879                    /usr/lib/jvm/java-9-openjdk-amd64/lib/amd64/libnet.so
7f36e140f000-7f36e160e000 ---p 00016000 08:06 2630879                    /usr/lib/jvm/java-9-openjdk-amd64/lib/amd64/libnet.so
7f36e160e000-7f36e160f000 r--p 00015000 08:06 2630879                    /usr/lib/jvm/java-9-openjdk-amd64/lib/amd64/libnet.so
7f36e160f000-7f36e1610000 rw-p 00016000 08:06 2630879                    /usr/lib/jvm/java-9-openjdk-amd64/lib/amd64/libnet.so
7f36e1610000-7f36e1621000 r-xp 00000000 08:06 2638573                    /usr/lib/jvm/java-9-openjdk-amd64/lib/amd64/libnio.so
7f36e1621000-7f36e1821000 ---p 00011000 08:06 2638573                    /usr/lib/jvm/java-9-openjdk-amd64/lib/amd64/libnio.so
7f36e1821000-7f36e1822000 r--p 00011000 08:06 2638573                    /usr/lib/jvm/java-9-openjdk-amd64/lib/amd64/libnio.so
7f36e1822000-7f36e1823000 rw-p 00012000 08:06 2638573                    /usr/lib/jvm/java-9-openjdk-amd64/lib/amd64/libnio.so
7f36e1823000-7f36e1827000 ---p 00000000 00:00 0 
7f36e1827000-7f36e1924000 rw-p 00000000 00:00 0 
7f36e1924000-7f36e1928000 ---p 00000000 00:00 0 
7f36e1928000-7f36e1a25000 rw-p 00000000 00:00 0 
7f36e1a25000-7f36e1a29000 ---p 00000000 00:00 0 
7f36e1a29000-7f36e1b26000 rw-p 00000000 00:00 0 
7f36e1b26000-7f36e1b2a000 ---p 00000000 00:00 0 
7f36e1b2a000-7f36e1c27000 rw-p 00000000 00:00 0 
7f36e1c27000-7f36e1c2b000 ---p 00000000 00:00 0 
7f36e1c2b000-7f36e1d28000 rw-p 00000000 00:00 0 
7f36e1d28000-7f36e2000000 r--p 00000000 08:06 2621459                    /usr/lib/locale/locale-archive
7f36e2000000-7f36e4000000 rw-p 00000000 00:00 0 
7f36e4000000-7f36e4021000 rw-p 00000000 00:00 0 
7f36e4021000-7f36e8000000 ---p 00000000 00:00 0 
7f36e8000000-7f36e8005000 r--s 00000000 08:06 2361482                    /var/cache/fontconfig/8801497958630a81b71ace7c5f9b32a8-le64.cache-6
7f36e8005000-7f36e8018000 r--s 00000000 08:06 2361422                    /var/cache/fontconfig/d52a8644073d54c13679302ca1180695-le64.cache-6
7f36e8018000-7f36e801c000 r--s 00000000 08:06 2361420                    /var/cache/fontconfig/d589a48862398ed80a3d6066f4f56f4c-le64.cache-6
7f36e801c000-7f36e8020000 ---p 00000000 00:00 0 
7f36e8020000-7f36e811d000 rw-p 00000000 00:00 0 
7f36e811d000-7f36e8121000 ---p 00000000 00:00 0 
7f36e8121000-7f36e821e000 rw-p 00000000 00:00 0 
7f36e821e000-7f36e8222000 ---p 00000000 00:00 0 
7f36e8222000-7f36e831f000 rw-p 00000000 00:00 0 
7f36e831f000-7f36e8320000 ---p 00000000 00:00 0 
7f36e8320000-7f36e8cf1000 rw-p 00000000 00:00 0 
7f36e8cf1000-7f36e945a000 rw-p 00000000 00:00 0 
7f36e945a000-7f36ebffa000 ---p 00000000 00:00 0 
7f36ebffa000-7f36ec2ea000 rw-p 00000000 00:00 0 
7f36ec2ea000-7f36eee8a000 ---p 00000000 00:00 0 
7f36eee8a000-7f36eeee8000 rw-p 00000000 00:00 0 
7f36eeee8000-7f36ef45c000 ---p 00000000 00:00 0 
7f36ef45c000-7f36ef4ba000 rw-p 00000000 00:00 0 
7f36ef4ba000-7f36f0000000 ---p 00000000 00:00 0 
7f36f0000000-7f36f0021000 rw-p 00000000 00:00 0 
7f36f0021000-7f36f4000000 ---p 00000000 00:00 0 
7f36f4000000-7f36f4021000 rw-p 00000000 00:00 0 
7f36f4021000-7f36f8000000 ---p 00000000 00:00 0 
7f36f8000000-7f36f8021000 rw-p 00000000 00:00 0 
7f36f8021000-7f36fc000000 ---p 00000000 00:00 0 
7f36fc000000-7f36fc021000 rw-p 00000000 00:00 0 
7f36fc021000-7f3700000000 ---p 00000000 00:00 0 
7f3700000000-7f3700021000 rw-p 00000000 00:00 0 
7f3700021000-7f3704000000 ---p 00000000 00:00 0 
7f3704000000-7f3704021000 rw-p 00000000 00:00 0 
7f3704021000-7f3708000000 ---p 00000000 00:00 0 
7f3708000000-7f3708021000 rw-p 00000000 00:00 0 
7f3708021000-7f370c000000 ---p 00000000 00:00 0 
7f370c000000-7f370c021000 rw-p 00000000 00:00 0 
7f370c021000-7f3710000000 ---p 00000000 00:00 0 
7f3710000000-7f3710021000 rw-p 00000000 00:00 0 
7f3710021000-7f3714000000 ---p 00000000 00:00 0 
7f3714000000-7f3714277000 rw-p 00000000 00:00 0 
7f3714277000-7f3714278000 ---p 00000000 00:00 0 
7f3714278000-7f3714378000 rw-p 00000000 00:00 0 
7f3714378000-7f3714379000 ---p 00000000 00:00 0 
7f3714379000-7f37144d7000 rw-p 00000000 00:00 0 
7f37144d7000-7f3714a4b000 ---p 00000000 00:00 0 
7f3714a4b000-7f3714a4c000 ---p 00000000 00:00 0 
7f3714a4c000-7f3714b4c000 rw-p 00000000 00:00 0 
7f3714b4c000-7f3714b4d000 ---p 00000000 00:00 0 
7f3714b4d000-7f3714c4d000 rw-p 00000000 00:00 0 
7f3714c4d000-7f3714c4e000 ---p 00000000 00:00 0 
7f3714c4e000-7f3714d4e000 rw-p 00000000 00:00 0 
7f3714d4e000-7f3714d4f000 ---p 00000000 00:00 0 
7f3714d4f000-7f3714e4f000 rw-p 00000000 00:00 0 
7f3714e4f000-7f3714e50000 ---p 00000000 00:00 0 
7f3714e50000-7f3715354000 rw-p 00000000 00:00 0 
7f3715354000-7f3715355000 ---p 00000000 00:00 0 
7f3715355000-7f3715455000 rw-p 00000000 00:00 0 
7f3715455000-7f3715456000 ---p 00000000 00:00 0 
7f3715456000-7f3715556000 rw-p 00000000 00:00 0 
7f3715556000-7f3715557000 ---p 00000000 00:00 0 
7f3715557000-7f3715657000 rw-p 00000000 00:00 0 
7f3715657000-7f3715658000 ---p 00000000 00:00 0 
7f3715658000-7f371575d000 rw-p 00000000 00:00 0 
7f371575d000-7f3715843000 ---p 00000000 00:00 0 
7f3715843000-7f3715ab3000 rwxp 00000000 00:00 0 
7f3715ab3000-7f3715dd3000 ---p 00000000 00:00 0 
7f3715dd3000-7f3716043000 rwxp 00000000 00:00 0 
7f3716043000-7f371d30b000 ---p 00000000 00:00 0 
7f371d30b000-7f371d57b000 rwxp 00000000 00:00 0 
7f371d57b000-7f3724843000 ---p 00000000 00:00 0 
7f3724843000-7f372bbf2000 r--s 00000000 08:06 2629808                    /usr/lib/jvm/java-9-openjdk-amd64/lib/modules
7f372bbf2000-7f372bbf7000 r-xp 00000000 08:06 2638560                    /usr/lib/jvm/java-9-openjdk-amd64/lib/amd64/libjimage.so
7f372bbf7000-7f372bdf6000 ---p 00005000 08:06 2638560                    /usr/lib/jvm/java-9-openjdk-amd64/lib/amd64/libjimage.so
7f372bdf6000-7f372bdf7000 r--p 00004000 08:06 2638560                    /usr/lib/jvm/java-9-openjdk-amd64/lib/amd64/libjimage.so
7f372bdf7000-7f372bdf8000 rw-p 00005000 08:06 2638560                    /usr/lib/jvm/java-9-openjdk-amd64/lib/amd64/libjimage.so
7f372bdf8000-7f372bdff000 r-xp 00000000 08:06 2638556                    /usr/lib/jvm/java-9-openjdk-amd64/lib/amd64/libzip.so
7f372bdff000-7f372bffe000 ---p 00007000 08:06 2638556                    /usr/lib/jvm/java-9-openjdk-amd64/lib/amd64/libzip.so
7f372bffe000-7f372bfff000 r--p 00006000 08:06 2638556                    /usr/lib/jvm/java-9-openjdk-amd64/lib/amd64/libzip.so
7f372bfff000-7f372c000000 rw-p 00007000 08:06 2638556                    /usr/lib/jvm/java-9-openjdk-amd64/lib/amd64/libzip.so
7f372c000000-7f372c847000 rw-p 00000000 00:00 0 
7f372c847000-7f3730000000 ---p 00000000 00:00 0 
7f3730000000-7f3730001000 r--s 00000000 08:06 2361483                    /var/cache/fontconfig/4794a0821666d79190d59a36cb4f44b5-le64.cache-6
7f3730001000-7f3730002000 r--s 00000000 08:06 2361481                    /var/cache/fontconfig/bab58bb527bb656aaa9f116d68a48d89-le64.cache-6
7f3730002000-7f3730003000 r--s 00000000 08:06 2361479                    /var/cache/fontconfig/56cf4f4769d0f4abc89a4895d7bd3ae1-le64.cache-6
7f3730003000-7f3730015000 r--s 00000000 08:06 2359713                    /var/cache/fontconfig/9b89f8e3dae116d678bbf48e5f21f69b-le64.cache-6
7f3730015000-7f373002b000 r--s 00000000 08:06 2362162                    /var/cache/fontconfig/e13b20fdb08344e0e664864cc2ede53d-le64.cache-6
7f373002b000-7f373004c000 r--s 00000000 08:06 2359525                    /var/cache/fontconfig/467c019e582ee353435ea5c21d137ef6-le64.cache-6
7f373004c000-7f3730079000 rw-p 00000000 00:00 0 
7f3730079000-7f373015f000 ---p 00000000 00:00 0 
7f373015f000-7f373016a000 r-xp 00000000 08:06 10092736                   /lib/x86_64-linux-gnu/libnss_files-2.23.so
7f373016a000-7f3730369000 ---p 0000b000 08:06 10092736                   /lib/x86_64-linux-gnu/libnss_files-2.23.so
7f3730369000-7f373036a000 r--p 0000a000 08:06 10092736                   /lib/x86_64-linux-gnu/libnss_files-2.23.so
7f373036a000-7f373036b000 rw-p 0000b000 08:06 10092736                   /lib/x86_64-linux-gnu/libnss_files-2.23.so
7f373036b000-7f3730371000 rw-p 00000000 00:00 0 
7f3730371000-7f373037c000 r-xp 00000000 08:06 10092721                   /lib/x86_64-linux-gnu/libnss_nis-2.23.so
7f373037c000-7f373057b000 ---p 0000b000 08:06 10092721                   /lib/x86_64-linux-gnu/libnss_nis-2.23.so
7f373057b000-7f373057c000 r--p 0000a000 08:06 10092721                   /lib/x86_64-linux-gnu/libnss_nis-2.23.so
7f373057c000-7f373057d000 rw-p 0000b000 08:06 10092721                   /lib/x86_64-linux-gnu/libnss_nis-2.23.so
7f373057d000-7f3730593000 r-xp 00000000 08:06 10092732                   /lib/x86_64-linux-gnu/libnsl-2.23.so
7f3730593000-7f3730792000 ---p 00016000 08:06 10092732                   /lib/x86_64-linux-gnu/libnsl-2.23.so
7f3730792000-7f3730793000 r--p 00015000 08:06 10092732                   /lib/x86_64-linux-gnu/libnsl-2.23.so
7f3730793000-7f3730794000 rw-p 00016000 08:06 10092732                   /lib/x86_64-linux-gnu/libnsl-2.23.so
7f3730794000-7f3730796000 rw-p 00000000 00:00 0 
7f3730796000-7f373079e000 r-xp 00000000 08:06 10092733                   /lib/x86_64-linux-gnu/libnss_compat-2.23.so
7f373079e000-7f373099d000 ---p 00008000 08:06 10092733                   /lib/x86_64-linux-gnu/libnss_compat-2.23.so
7f373099d000-7f373099e000 r--p 00007000 08:06 10092733                   /lib/x86_64-linux-gnu/libnss_compat-2.23.so
7f373099e000-7f373099f000 rw-p 00008000 08:06 10092733                   /lib/x86_64-linux-gnu/libnss_compat-2.23.so
7f373099f000-7f37309ca000 r-xp 00000000 08:06 2630309                    /usr/lib/jvm/java-9-openjdk-amd64/lib/amd64/libjava.so
7f37309ca000-7f3730bc9000 ---p 0002b000 08:06 2630309                    /usr/lib/jvm/java-9-openjdk-amd64/lib/amd64/libjava.so
7f3730bc9000-7f3730bca000 r--p 0002a000 08:06 2630309                    /usr/lib/jvm/java-9-openjdk-amd64/lib/amd64/libjava.so
7f3730bca000-7f3730bcc000 rw-p 0002b000 08:06 2630309                    /usr/lib/jvm/java-9-openjdk-amd64/lib/amd64/libjava.so
7f3730bcc000-7f3730bd9000 r-xp 00000000 08:06 2630633                    /usr/lib/jvm/java-9-openjdk-amd64/lib/amd64/libverify.so
7f3730bd9000-7f3730dd8000 ---p 0000d000 08:06 2630633                    /usr/lib/jvm/java-9-openjdk-amd64/lib/amd64/libverify.so
7f3730dd8000-7f3730dda000 r--p 0000c000 08:06 2630633                    /usr/lib/jvm/java-9-openjdk-amd64/lib/amd64/libverify.so
7f3730dda000-7f3730ddb000 rw-p 0000e000 08:06 2630633                    /usr/lib/jvm/java-9-openjdk-amd64/lib/amd64/libverify.so
7f3730ddb000-7f3730de2000 r-xp 00000000 08:06 10092720                   /lib/x86_64-linux-gnu/librt-2.23.so
7f3730de2000-7f3730fe1000 ---p 00007000 08:06 10092720                   /lib/x86_64-linux-gnu/librt-2.23.so
7f3730fe1000-7f3730fe2000 r--p 00006000 08:06 10092720                   /lib/x86_64-linux-gnu/librt-2.23.so
7f3730fe2000-7f3730fe3000 rw-p 00007000 08:06 10092720                   /lib/x86_64-linux-gnu/librt-2.23.so
7f3730fe3000-7f3730ff9000 r-xp 00000000 08:06 10097074                   /lib/x86_64-linux-gnu/libgcc_s.so.1
7f3730ff9000-7f37311f8000 ---p 00016000 08:06 10097074                   /lib/x86_64-linux-gnu/libgcc_s.so.1
7f37311f8000-7f37311f9000 rw-p 00015000 08:06 10097074                   /lib/x86_64-linux-gnu/libgcc_s.so.1
7f37311f9000-7f3731301000 r-xp 00000000 08:06 10092730                   /lib/x86_64-linux-gnu/libm-2.23.so
7f3731301000-7f3731500000 ---p 00108000 08:06 10092730                   /lib/x86_64-linux-gnu/libm-2.23.so
7f3731500000-7f3731501000 r--p 00107000 08:06 10092730                   /lib/x86_64-linux-gnu/libm-2.23.so
7f3731501000-7f3731502000 rw-p 00108000 08:06 10092730                   /lib/x86_64-linux-gnu/libm-2.23.so
7f3731502000-7f3731674000 r-xp 00000000 08:06 2623618                    /usr/lib/x86_64-linux-gnu/libstdc++.so.6.0.21
7f3731674000-7f3731874000 ---p 00172000 08:06 2623618                    /usr/lib/x86_64-linux-gnu/libstdc++.so.6.0.21
7f3731874000-7f373187e000 r--p 00172000 08:06 2623618                    /usr/lib/x86_64-linux-gnu/libstdc++.so.6.0.21
7f373187e000-7f3731880000 rw-p 0017c000 08:06 2623618                    /usr/lib/x86_64-linux-gnu/libstdc++.so.6.0.21
7f3731880000-7f3731884000 rw-p 00000000 00:00 0 
7f3731884000-7f37326e2000 r-xp 00000000 08:06 2637726                    /usr/lib/jvm/java-9-openjdk-amd64/lib/amd64/server/libjvm.so
7f37326e2000-7f37328e2000 ---p 00e5e000 08:06 2637726                    /usr/lib/jvm/java-9-openjdk-amd64/lib/amd64/server/libjvm.so
7f37328e2000-7f3732994000 r--p 00e5e000 08:06 2637726                    /usr/lib/jvm/java-9-openjdk-amd64/lib/amd64/server/libjvm.so
7f3732994000-7f37329c6000 rw-p 00f10000 08:06 2637726                    /usr/lib/jvm/java-9-openjdk-amd64/lib/amd64/server/libjvm.so
7f37329c6000-7f3732a0b000 rw-p 00000000 00:00 0 
7f3732a0b000-7f3732a23000 r-xp 00000000 08:06 10092731                   /lib/x86_64-linux-gnu/libpthread-2.23.so
7f3732a23000-7f3732c22000 ---p 00018000 08:06 10092731                   /lib/x86_64-linux-gnu/libpthread-2.23.so
7f3732c22000-7f3732c23000 r--p 00017000 08:06 10092731                   /lib/x86_64-linux-gnu/libpthread-2.23.so
7f3732c23000-7f3732c24000 rw-p 00018000 08:06 10092731                   /lib/x86_64-linux-gnu/libpthread-2.23.so
7f3732c24000-7f3732c28000 rw-p 00000000 00:00 0 
7f3732c28000-7f3732c2b000 r-xp 00000000 08:06 10092724                   /lib/x86_64-linux-gnu/libdl-2.23.so
7f3732c2b000-7f3732e2a000 ---p 00003000 08:06 10092724                   /lib/x86_64-linux-gnu/libdl-2.23.so
7f3732e2a000-7f3732e2b000 r--p 00002000 08:06 10092724                   /lib/x86_64-linux-gnu/libdl-2.23.so
7f3732e2b000-7f3732e2c000 rw-p 00003000 08:06 10092724                   /lib/x86_64-linux-gnu/libdl-2.23.so
7f3732e2c000-7f3732e45000 r-xp 00000000 08:06 10097227                   /lib/x86_64-linux-gnu/libz.so.1.2.8
7f3732e45000-7f3733044000 ---p 00019000 08:06 10097227                   /lib/x86_64-linux-gnu/libz.so.1.2.8
7f3733044000-7f3733045000 r--p 00018000 08:06 10097227                   /lib/x86_64-linux-gnu/libz.so.1.2.8
7f3733045000-7f3733046000 rw-p 00019000 08:06 10097227                   /lib/x86_64-linux-gnu/libz.so.1.2.8
7f3733046000-7f3733205000 r-xp 00000000 08:06 10092725                   /lib/x86_64-linux-gnu/libc-2.23.so
7f3733205000-7f3733405000 ---p 001bf000 08:06 10092725                   /lib/x86_64-linux-gnu/libc-2.23.so
7f3733405000-7f3733409000 r--p 001bf000 08:06 10092725                   /lib/x86_64-linux-gnu/libc-2.23.so
7f3733409000-7f373340b000 rw-p 001c3000 08:06 10092725                   /lib/x86_64-linux-gnu/libc-2.23.so
7f373340b000-7f373340f000 rw-p 00000000 00:00 0 
7f373340f000-7f373341d000 r-xp 00000000 08:06 2638570                    /usr/lib/jvm/java-9-openjdk-amd64/lib/amd64/jli/libjli.so
7f373341d000-7f373361c000 ---p 0000e000 08:06 2638570                    /usr/lib/jvm/java-9-openjdk-amd64/lib/amd64/jli/libjli.so
7f373361c000-7f373361d000 r--p 0000d000 08:06 2638570                    /usr/lib/jvm/java-9-openjdk-amd64/lib/amd64/jli/libjli.so
7f373361d000-7f373361e000 rw-p 0000e000 08:06 2638570                    /usr/lib/jvm/java-9-openjdk-amd64/lib/amd64/jli/libjli.so
7f373361e000-7f3733644000 r-xp 00000000 08:06 10092714                   /lib/x86_64-linux-gnu/ld-2.23.so
7f3733644000-7f3733645000 r--s 00000000 08:06 2361478                    /var/cache/fontconfig/b9d506c9ac06c20b433354fa67a72993-le64.cache-6
7f3733645000-7f3733646000 r--s 00000000 08:06 2361421                    /var/cache/fontconfig/551ecf3b0e8b0bca0f25c0944f561853-le64.cache-6
7f3733646000-7f3733647000 r--s 00000000 08:06 2361419                    /var/cache/fontconfig/30829fa25452a46451e813d634d7f916-le64.cache-6
7f3733647000-7f3733648000 r--s 00000000 08:06 2361413                    /var/cache/fontconfig/0c9eb80ebd1c36541ebe2852d3bb0c49-le64.cache-6
7f3733648000-7f3733653000 r--s 00000000 08:06 2361245                    /var/cache/fontconfig/83bf95040141907cd45bb53cf7c1c148-le64.cache-6
7f3733653000-7f3733660000 r--s 00000000 08:06 2359562                    /var/cache/fontconfig/8f02d4cb045bd6ce15663e43f347c9f8-le64.cache-6
7f3733660000-7f373371b000 rw-p 00000000 00:00 0 
7f373371b000-7f373371f000 ---p 00000000 00:00 0 
7f373371f000-7f3733821000 rw-p 00000000 00:00 0 
7f3733821000-7f3733824000 r--s 00000000 08:06 2361246                    /var/cache/fontconfig/75114ca45c98e8a441da0ff356701271-le64.cache-6
7f3733824000-7f3733828000 r--s 00000000 08:06 2361164                    /var/cache/fontconfig/7ef2298fde41cc6eeb7af42e48b7d293-le64.cache-6
7f3733828000-7f373382a000 r--s 00000000 08:06 2359570                    /var/cache/fontconfig/16326683038b281783a0ef8c680e3a10-le64.cache-6
7f373382a000-7f373382b000 r--s 00000000 08:06 2359550                    /var/cache/fontconfig/e0aa53bcfa504e64f87823c16bc01eb6-le64.cache-6
7f373382b000-7f3733830000 rw-p 00000000 00:00 0 
7f3733830000-7f3733837000 ---p 00000000 00:00 0 
7f3733837000-7f373383f000 rw-s 00000000 08:06 7214135                    /tmp/hsperfdata_sayan/22449
7f373383f000-7f3733840000 rw-p 00000000 00:00 0 
7f3733840000-7f3733841000 r--p 00000000 00:00 0 
7f3733841000-7f3733843000 rw-p 00000000 00:00 0 
7f3733843000-7f3733844000 r--p 00025000 08:06 10092714                   /lib/x86_64-linux-gnu/ld-2.23.so
7f3733844000-7f3733845000 rw-p 00026000 08:06 10092714                   /lib/x86_64-linux-gnu/ld-2.23.so
7f3733845000-7f3733846000 rw-p 00000000 00:00 0 
7ffc3d85a000-7ffc3d87b000 rw-p 00000000 00:00 0                          [stack]
7ffc3d96b000-7ffc3d96d000 r--p 00000000 00:00 0                          [vvar]
7ffc3d96d000-7ffc3d96f000 r-xp 00000000 00:00 0                          [vdso]
ffffffffff600000-ffffffffff601000 r-xp 00000000 00:00 0                  [vsyscall]

VM Arguments:
java_command: NBody 157788000.0 25000.0 data/planets.txt
java_class_path (initial): .
Launcher Type: SUN_STANDARD

Environment Variables:
PATH=/home/sayan/anaconda3/bin:/home/sayan/anaconda3/bin:/home/sayan/bin:/home/sayan/.local/bin:/usr/local/sbin:/usr/local/bin:/usr/sbin:/usr/bin:/sbin:/bin:/usr/games:/usr/local/games:/snap/bin
SHELL=/bin/bash
DISPLAY=:0

Signal Handlers:
SIGSEGV: [libjvm.so+0xc12c20], sa_mask[0]=11111111011111111101111111111110, sa_flags=SA_RESTART|SA_SIGINFO
SIGBUS: [libjvm.so+0xc12c20], sa_mask[0]=11111111011111111101111111111110, sa_flags=SA_RESTART|SA_SIGINFO
SIGFPE: [libjvm.so+0xc12c20], sa_mask[0]=11111111011111111101111111111110, sa_flags=SA_RESTART|SA_SIGINFO
SIGPIPE: [libjvm.so+0xa3b600], sa_mask[0]=11111111011111111101111111111110, sa_flags=SA_RESTART|SA_SIGINFO
SIGXFSZ: [libjvm.so+0xa3b600], sa_mask[0]=11111111011111111101111111111110, sa_flags=SA_RESTART|SA_SIGINFO
SIGILL: [libjvm.so+0xc12c20], sa_mask[0]=11111111011111111101111111111110, sa_flags=SA_RESTART|SA_SIGINFO
SIGUSR2: [libjvm.so+0xa3b4a0], sa_mask[0]=00000000000000000000000000000000, sa_flags=SA_RESTART|SA_SIGINFO
SIGHUP: [libjvm.so+0xa3b870], sa_mask[0]=11111111011111111101111111111110, sa_flags=SA_RESTART|SA_SIGINFO
SIGINT: [libjvm.so+0xa3b870], sa_mask[0]=11111111011111111101111111111110, sa_flags=SA_RESTART|SA_SIGINFO
SIGTERM: [libjvm.so+0xa3b870], sa_mask[0]=11111111011111111101111111111110, sa_flags=SA_RESTART|SA_SIGINFO
SIGQUIT: [libjvm.so+0xa3b870], sa_mask[0]=11111111011111111101111111111110, sa_flags=SA_RESTART|SA_SIGINFO


---------------  S Y S T E M  ---------------

OS:DISTRIB_ID=Ubuntu
DISTRIB_RELEASE=16.04
DISTRIB_CODENAME=xenial
DISTRIB_DESCRIPTION="Ubuntu 16.04.1 LTS"
uname:Linux 4.4.0-59-generic #80-Ubuntu SMP Fri Jan 6 17:47:47 UTC 2017 x86_64
libc:glibc 2.23 NPTL 2.23 
rlimit: STACK 8192k, CORE 0k, NPROC 47239, NOFILE 65536, AS infinity
load average:0.12 0.11 0.08

/proc/meminfo:
MemTotal:       12204672 kB
MemFree:         4147976 kB
MemAvailable:    9501380 kB
Buffers:          179760 kB
Cached:          5744560 kB
SwapCached:            0 kB
Active:          4428320 kB
Inactive:        3203704 kB
Active(anon):    1712524 kB
Inactive(anon):   462640 kB
Active(file):    2715796 kB
Inactive(file):  2741064 kB
Unevictable:         264 kB
Mlocked:             264 kB
SwapTotal:      12482044 kB
SwapFree:       12482044 kB
Dirty:               308 kB
Writeback:             0 kB
AnonPages:       1708372 kB
Mapped:           591392 kB
Shmem:            467172 kB
Slab:             297876 kB
SReclaimable:     219664 kB
SUnreclaim:        78212 kB
KernelStack:       10656 kB
PageTables:        40916 kB
NFS_Unstable:          0 kB
Bounce:                0 kB
WritebackTmp:          0 kB
CommitLimit:    18584380 kB
Committed_AS:    6892776 kB
VmallocTotal:   34359738367 kB
VmallocUsed:           0 kB
VmallocChunk:          0 kB
HardwareCorrupted:     0 kB
AnonHugePages:    835584 kB
CmaTotal:              0 kB
CmaFree:               0 kB
HugePages_Total:       0
HugePages_Free:        0
HugePages_Rsvd:        0
HugePages_Surp:        0
Hugepagesize:       2048 kB
DirectMap4k:      212196 kB
DirectMap2M:     9125888 kB
DirectMap1G:     4194304 kB


CPU:total 4 (2 cores per cpu, 2 threads per core) family 6 model 61 stepping 4, cmov, cx8, fxsr, mmx, sse, sse2, sse3, ssse3, sse4.1, sse4.2, popcnt, avx, avx2, aes, clmul, erms, 3dnowpref, lzcnt, ht, tsc, tscinvbit, bmi1, bmi2, adx

CPU Model and flags from /proc/cpuinfo:
model name	: Intel(R) Core(TM) i7-5500U CPU @ 2.40GHz
flags		: fpu vme de pse tsc msr pae mce cx8 apic sep mtrr pge mca cmov pat pse36 clflush dts acpi mmx fxsr sse sse2 ss ht tm pbe syscall nx pdpe1gb rdtscp lm constant_tsc arch_perfmon pebs bts rep_good nopl xtopology nonstop_tsc aperfmperf eagerfpu pni pclmulqdq dtes64 monitor ds_cpl vmx est tm2 ssse3 sdbg fma cx16 xtpr pdcm pcid sse4_1 sse4_2 x2apic movbe popcnt tsc_deadline_timer aes xsave avx f16c rdrand lahf_lm abm 3dnowprefetch epb intel_pt tpr_shadow vnmi flexpriority ept vpid fsgsbase tsc_adjust bmi1 avx2 smep bmi2 erms invpcid rdseed adx smap xsaveopt dtherm ida arat pln pts

Memory: 4k page, physical 12204672k(4147976k free), swap 12482044k(12482044k free)

vm_info: OpenJDK 64-Bit Server VM (9-internal+0-2016-04-14-195246.buildd.src) for linux-amd64 JRE (9-internal+0-2016-04-14-195246.buildd.src), built on Apr 14 2016 20:05:37 by "buildd" with gcc 5.3.1 20160413

END.
